<?xml version="1.0" encoding="utf-8"?>
<TestRun id="bbb1c227-9777-4c85-96d4-bb678db95ee8" name="naga.kiran@SOLNB-1HX9F94 2025-08-05 16:03:38" runUser="INT\naga.kiran" xmlns="http://microsoft.com/schemas/VisualStudio/TeamTest/2010">
  <Times creation="2025-08-05T16:03:38.3683346+05:30" queuing="2025-08-05T16:03:38.3683353+05:30" start="2025-08-05T16:03:35.0719016+05:30" finish="2025-08-05T16:03:38.5205914+05:30" />
  <TestSettings name="default" id="dc1db53e-dfdb-40e3-84cf-551418d7efd2">
    <Deployment runDeploymentRoot="naga.kiran_SOLNB-1HX9F94_2025-08-05_16_03_38" />
  </TestSettings>
  <Results>
    <UnitTestResult executionId="e5b1ca59-ae34-497e-8e67-f30723fa2896" testId="ce0d4c79-d2d4-e568-1744-5c547b467744" testName="CreateAsync_ShouldThrowException_WhenUserHasVehicle" computerName="SOLNB-1HX9F94" duration="00:00:00.0015286" startTime="2025-08-05T16:03:38.3138633+05:30" endTime="2025-08-05T16:03:38.3155073+05:30" testType="13cdc9d9-ddb5-4fa4-a97d-d965ccfc6d4b" outcome="Passed" testListId="8c84fa94-04c1-424b-9868-57a2d4851a1d" relativeResultsDirectory="e5b1ca59-ae34-497e-8e67-f30723fa2896" />
    <UnitTestResult executionId="66409d2a-b088-40ad-8294-484f511ba12d" testId="2aee4878-5c77-3c47-7469-839f2c1db038" testName="GetAll_ShouldReturn500_OnException" computerName="SOLNB-1HX9F94" duration="00:00:00.0011192" startTime="2025-08-05T16:03:38.3969833+05:30" endTime="2025-08-05T16:03:38.3981597+05:30" testType="13cdc9d9-ddb5-4fa4-a97d-d965ccfc6d4b" outcome="Passed" testListId="8c84fa94-04c1-424b-9868-57a2d4851a1d" relativeResultsDirectory="66409d2a-b088-40ad-8294-484f511ba12d" />
    <UnitTestResult executionId="a48f5260-0448-4712-bdc3-8aed3f41b77b" testId="7e9fee74-970a-c2d8-5615-5d0b2543ada7" testName="GetAllAsync_ShouldReturnUsers_WhenUsersExistTrue" computerName="SOLNB-1HX9F94" duration="00:00:00.1016893" startTime="2025-08-05T16:03:37.3865134+05:30" endTime="2025-08-05T16:03:37.5107718+05:30" testType="13cdc9d9-ddb5-4fa4-a97d-d965ccfc6d4b" outcome="Passed" testListId="8c84fa94-04c1-424b-9868-57a2d4851a1d" relativeResultsDirectory="a48f5260-0448-4712-bdc3-8aed3f41b77b" />
    <UnitTestResult executionId="05c81fcc-ac95-4f92-832f-cb193ce2ae7b" testId="3928d88e-0f0e-0b2d-cd78-756310749bb4" testName="UpdateAsync_ReturnsNull_WhenNotFound" computerName="SOLNB-1HX9F94" duration="00:00:00.0008633" startTime="2025-08-05T16:03:38.3673650+05:30" endTime="2025-08-05T16:03:38.3683033+05:30" testType="13cdc9d9-ddb5-4fa4-a97d-d965ccfc6d4b" outcome="Passed" testListId="8c84fa94-04c1-424b-9868-57a2d4851a1d" relativeResultsDirectory="05c81fcc-ac95-4f92-832f-cb193ce2ae7b" />
    <UnitTestResult executionId="2f12be05-8622-48dd-aab5-921971f645db" testId="21c64dd5-30d4-136b-e765-dea9edc49094" testName="GetAll_ShouldReturnOkWithUsersTrue" computerName="SOLNB-1HX9F94" duration="00:00:00.0035225" startTime="2025-08-05T16:03:38.4082902+05:30" endTime="2025-08-05T16:03:38.4118982+05:30" testType="13cdc9d9-ddb5-4fa4-a97d-d965ccfc6d4b" outcome="Passed" testListId="8c84fa94-04c1-424b-9868-57a2d4851a1d" relativeResultsDirectory="2f12be05-8622-48dd-aab5-921971f645db" />
    <UnitTestResult executionId="064ea6b9-1d23-47c0-b4ce-eeed229b9280" testId="aa456fea-ede5-baef-c0fd-346de2041f2d" testName="Delete_ReturnsNotFound_WhenVehicleDoesNotExist" computerName="SOLNB-1HX9F94" duration="00:00:00.0012141" startTime="2025-08-05T16:03:38.4418662+05:30" endTime="2025-08-05T16:03:38.4448456+05:30" testType="13cdc9d9-ddb5-4fa4-a97d-d965ccfc6d4b" outcome="Passed" testListId="8c84fa94-04c1-424b-9868-57a2d4851a1d" relativeResultsDirectory="064ea6b9-1d23-47c0-b4ce-eeed229b9280" />
    <UnitTestResult executionId="b9ef5eb5-381d-4bbe-b202-176154bf1d94" testId="27edc73c-31e4-dc58-72ac-c1a58ff6810e" testName="GetByIdAsync_ShouldReturnNull_WhenNotFound" computerName="SOLNB-1HX9F94" duration="00:00:00.0023785" startTime="2025-08-05T16:03:38.3328079+05:30" endTime="2025-08-05T16:03:38.3352884+05:30" testType="13cdc9d9-ddb5-4fa4-a97d-d965ccfc6d4b" outcome="Passed" testListId="8c84fa94-04c1-424b-9868-57a2d4851a1d" relativeResultsDirectory="b9ef5eb5-381d-4bbe-b202-176154bf1d94" />
    <UnitTestResult executionId="02fb8572-815f-4613-ad36-89fc1dadab87" testId="5bd0d352-4028-db06-b96a-90abde687c77" testName="CreateAsync_ShouldCreateAllocation_WhenValidData" computerName="SOLNB-1HX9F94" duration="00:00:00.0048011" startTime="2025-08-05T16:03:38.3379243+05:30" endTime="2025-08-05T16:03:38.3428115+05:30" testType="13cdc9d9-ddb5-4fa4-a97d-d965ccfc6d4b" outcome="Passed" testListId="8c84fa94-04c1-424b-9868-57a2d4851a1d" relativeResultsDirectory="02fb8572-815f-4613-ad36-89fc1dadab87" />
    <UnitTestResult executionId="d686c87c-e6d9-4d9d-bfd1-047a3db30566" testId="c1da4256-33e0-e70f-62c9-09605a6579d7" testName="Update_ReturnsOk_WhenSuccessful" computerName="SOLNB-1HX9F94" duration="00:00:00.0034007" startTime="2025-08-05T16:03:38.4334420+05:30" endTime="2025-08-05T16:03:38.4369234+05:30" testType="13cdc9d9-ddb5-4fa4-a97d-d965ccfc6d4b" outcome="Passed" testListId="8c84fa94-04c1-424b-9868-57a2d4851a1d" relativeResultsDirectory="d686c87c-e6d9-4d9d-bfd1-047a3db30566" />
    <UnitTestResult executionId="bb284df6-67ac-4157-8404-afa767b8d7d7" testId="1d8b2e12-83f8-a6d8-f5b3-f1ffd899e534" testName="Login_ShouldReturnToken_WhenValidCredentials" computerName="SOLNB-1HX9F94" duration="00:00:00.0024049" startTime="2025-08-05T16:03:38.4166240+05:30" endTime="2025-08-05T16:03:38.4190807+05:30" testType="13cdc9d9-ddb5-4fa4-a97d-d965ccfc6d4b" outcome="Passed" testListId="8c84fa94-04c1-424b-9868-57a2d4851a1d" relativeResultsDirectory="bb284df6-67ac-4157-8404-afa767b8d7d7" />
    <UnitTestResult executionId="795b3c21-887f-4259-9fb2-82a3aed21414" testId="456c9a65-f9f0-cbcf-6516-e95bbf598c0f" testName="CreateAsync_ShouldReturnVehicle_WhenValid" computerName="SOLNB-1HX9F94" duration="00:00:00.0069907" startTime="2025-08-05T16:03:38.3067075+05:30" endTime="2025-08-05T16:03:38.3138082+05:30" testType="13cdc9d9-ddb5-4fa4-a97d-d965ccfc6d4b" outcome="Passed" testListId="8c84fa94-04c1-424b-9868-57a2d4851a1d" relativeResultsDirectory="795b3c21-887f-4259-9fb2-82a3aed21414" />
    <UnitTestResult executionId="378308e7-f388-40a4-867c-0f9eb29b169c" testId="de9867d7-66f6-816c-ec3b-88e9be438a7d" testName="Search_ShouldReturnOk_WhenValid" computerName="SOLNB-1HX9F94" duration="00:00:00.0016933" startTime="2025-08-05T16:03:38.4061556+05:30" endTime="2025-08-05T16:03:38.4079014+05:30" testType="13cdc9d9-ddb5-4fa4-a97d-d965ccfc6d4b" outcome="Passed" testListId="8c84fa94-04c1-424b-9868-57a2d4851a1d" relativeResultsDirectory="378308e7-f388-40a4-867c-0f9eb29b169c" />
    <UnitTestResult executionId="a78dfa06-9f06-4ff6-b6b9-209bd90b8d7a" testId="bb5187bd-6a21-48cf-667f-b92685075182" testName="Create_ShouldReturnConflict_WhenNullReturned" computerName="SOLNB-1HX9F94" duration="00:00:00.0015960" startTime="2025-08-05T16:03:38.3860722+05:30" endTime="2025-08-05T16:03:38.3877559+05:30" testType="13cdc9d9-ddb5-4fa4-a97d-d965ccfc6d4b" outcome="Passed" testListId="8c84fa94-04c1-424b-9868-57a2d4851a1d" relativeResultsDirectory="a78dfa06-9f06-4ff6-b6b9-209bd90b8d7a" />
    <UnitTestResult executionId="cab11c90-9efc-4d5f-be8c-4b52909fb03b" testId="c5f8635f-3f82-bb08-bf64-c0a5cd7e1502" testName="GetById_ShouldReturnNotFound_WhenNotFound" computerName="SOLNB-1HX9F94" duration="00:00:00.0006116" startTime="2025-08-05T16:03:38.3804975+05:30" endTime="2025-08-05T16:03:38.3811904+05:30" testType="13cdc9d9-ddb5-4fa4-a97d-d965ccfc6d4b" outcome="Passed" testListId="8c84fa94-04c1-424b-9868-57a2d4851a1d" relativeResultsDirectory="cab11c90-9efc-4d5f-be8c-4b52909fb03b" />
    <UnitTestResult executionId="7d2f505d-955d-4fe2-a241-a64e8776c5f8" testId="248a2433-3324-b841-92a5-d295227c7165" testName="GetByIdAsync_ShouldReturnNull_WhenVehicleDoesNotExist" computerName="SOLNB-1HX9F94" duration="00:00:00.0009308" startTime="2025-08-05T16:03:38.2976712+05:30" endTime="2025-08-05T16:03:38.2986586+05:30" testType="13cdc9d9-ddb5-4fa4-a97d-d965ccfc6d4b" outcome="Passed" testListId="8c84fa94-04c1-424b-9868-57a2d4851a1d" relativeResultsDirectory="7d2f505d-955d-4fe2-a241-a64e8776c5f8" />
    <UnitTestResult executionId="3b2ba865-8716-495c-b635-2a9a5460d073" testId="258d1529-a56c-338b-5610-ab15bb9ffdfd" testName="GetByIdAsync_ShouldReturnUser_WhenUserExistsFalse" computerName="SOLNB-1HX9F94" duration="00:00:00.0016529" startTime="2025-08-05T16:03:37.5291829+05:30" endTime="2025-08-05T16:03:37.5309273+05:30" testType="13cdc9d9-ddb5-4fa4-a97d-d965ccfc6d4b" outcome="Passed" testListId="8c84fa94-04c1-424b-9868-57a2d4851a1d" relativeResultsDirectory="3b2ba865-8716-495c-b635-2a9a5460d073" />
    <UnitTestResult executionId="4ce51e08-0896-4f60-afb2-4bf9c1668944" testId="7294b325-eb4d-77de-ece2-ca032192cf9c" testName="Register_ShouldReturnBadRequest_WhenEmailExists" computerName="SOLNB-1HX9F94" duration="00:00:00.0007818" startTime="2025-08-05T16:03:38.4149229+05:30" endTime="2025-08-05T16:03:38.4157652+05:30" testType="13cdc9d9-ddb5-4fa4-a97d-d965ccfc6d4b" outcome="Passed" testListId="8c84fa94-04c1-424b-9868-57a2d4851a1d" relativeResultsDirectory="4ce51e08-0896-4f60-afb2-4bf9c1668944" />
    <UnitTestResult executionId="3186bb53-2f9f-4849-85c3-97b48d0f05be" testId="22ca1c0d-0ffe-9889-1ce2-50f61ae3c9b0" testName="Update_ShouldReturnOk_WhenSuccessful" computerName="SOLNB-1HX9F94" duration="00:00:00.0021725" startTime="2025-08-05T16:03:38.3878095+05:30" endTime="2025-08-05T16:03:38.3900676+05:30" testType="13cdc9d9-ddb5-4fa4-a97d-d965ccfc6d4b" outcome="Passed" testListId="8c84fa94-04c1-424b-9868-57a2d4851a1d" relativeResultsDirectory="3186bb53-2f9f-4849-85c3-97b48d0f05be" />
    <UnitTestResult executionId="0defd344-1f92-48d7-9b26-5e91737f91a1" testId="4dd0c9cd-6285-7618-5898-0aa207652629" testName="GetAllAsync_ShouldReturnUsers_WhenUsersExistFalse" computerName="SOLNB-1HX9F94" duration="00:00:00.0030139" startTime="2025-08-05T16:03:37.5153058+05:30" endTime="2025-08-05T16:03:37.5191314+05:30" testType="13cdc9d9-ddb5-4fa4-a97d-d965ccfc6d4b" outcome="Passed" testListId="8c84fa94-04c1-424b-9868-57a2d4851a1d" relativeResultsDirectory="0defd344-1f92-48d7-9b26-5e91737f91a1" />
    <UnitTestResult executionId="38ab0335-59e1-46ce-be62-3bf7f216e8a4" testId="4f048e89-0159-1930-f93a-7c6c7b6cf428" testName="Delete_ShouldReturnNotFound_WhenMissing" computerName="SOLNB-1HX9F94" duration="00:00:00.0003661" startTime="2025-08-05T16:03:38.4057147+05:30" endTime="2025-08-05T16:03:38.4061279+05:30" testType="13cdc9d9-ddb5-4fa4-a97d-d965ccfc6d4b" outcome="Passed" testListId="8c84fa94-04c1-424b-9868-57a2d4851a1d" relativeResultsDirectory="38ab0335-59e1-46ce-be62-3bf7f216e8a4" />
    <UnitTestResult executionId="79cc982f-955e-431d-bc38-1fa7f94a686c" testId="5d079f40-9a03-cd42-4326-1c1dbc7cddca" testName="Delete_ShouldReturnNotFound_WhenUserNotExist" computerName="SOLNB-1HX9F94" duration="00:00:00.0004208" startTime="2025-08-05T16:03:38.4210393+05:30" endTime="2025-08-05T16:03:38.4215118+05:30" testType="13cdc9d9-ddb5-4fa4-a97d-d965ccfc6d4b" outcome="Passed" testListId="8c84fa94-04c1-424b-9868-57a2d4851a1d" relativeResultsDirectory="79cc982f-955e-431d-bc38-1fa7f94a686c" />
    <UnitTestResult executionId="da278c10-9e0d-41db-80e7-a555a1046293" testId="2ffc4119-2491-37b0-45ee-aa576d53095e" testName="GetAll_ShouldReturnOkWithData" computerName="SOLNB-1HX9F94" duration="00:00:00.0062359" startTime="2025-08-05T16:03:38.3723656+05:30" endTime="2025-08-05T16:03:38.3787464+05:30" testType="13cdc9d9-ddb5-4fa4-a97d-d965ccfc6d4b" outcome="Passed" testListId="8c84fa94-04c1-424b-9868-57a2d4851a1d" relativeResultsDirectory="da278c10-9e0d-41db-80e7-a555a1046293" />
    <UnitTestResult executionId="daae8bbf-9af2-44b7-9570-56e1f0b56d00" testId="31da5096-1153-8a09-5cb3-d129776621f6" testName="GetById_ShouldReturnOk_WhenFound" computerName="SOLNB-1HX9F94" duration="00:00:00.0009922" startTime="2025-08-05T16:03:38.3981898+05:30" endTime="2025-08-05T16:03:38.3992326+05:30" testType="13cdc9d9-ddb5-4fa4-a97d-d965ccfc6d4b" outcome="Passed" testListId="8c84fa94-04c1-424b-9868-57a2d4851a1d" relativeResultsDirectory="daae8bbf-9af2-44b7-9570-56e1f0b56d00" />
    <UnitTestResult executionId="eedc8a92-94b8-4304-a149-8995b45aca06" testId="a2919b9b-9615-7cb0-5cc2-25169af24724" testName="UpdateAsync_ShouldReturnUpdatedUserTrue" computerName="SOLNB-1HX9F94" duration="00:00:00.0056962" startTime="2025-08-05T16:03:38.2815868+05:30" endTime="2025-08-05T16:03:38.2874981+05:30" testType="13cdc9d9-ddb5-4fa4-a97d-d965ccfc6d4b" outcome="Passed" testListId="8c84fa94-04c1-424b-9868-57a2d4851a1d" relativeResultsDirectory="eedc8a92-94b8-4304-a149-8995b45aca06" />
    <UnitTestResult executionId="914b5945-8c5c-49b1-becd-8deb320895e8" testId="74fd81f8-c8a6-968e-9561-8ba77deb9b76" testName="UpdateAsync_UpdatesAndReturnsDto" computerName="SOLNB-1HX9F94" duration="00:00:00.0020123" startTime="2025-08-05T16:03:38.3683434+05:30" endTime="2025-08-05T16:03:38.3704226+05:30" testType="13cdc9d9-ddb5-4fa4-a97d-d965ccfc6d4b" outcome="Passed" testListId="8c84fa94-04c1-424b-9868-57a2d4851a1d" relativeResultsDirectory="914b5945-8c5c-49b1-becd-8deb320895e8" />
    <UnitTestResult executionId="61627436-9d63-455b-96ef-b8e077876cb6" testId="7774c4e5-537c-ff8d-9d56-8a5d3e627df5" testName="LoginAsync_ShouldReturnUser_WhenValidCredentialsFalse" computerName="SOLNB-1HX9F94" duration="00:00:00.0012855" startTime="2025-08-05T16:03:38.2548273+05:30" endTime="2025-08-05T16:03:38.2562622+05:30" testType="13cdc9d9-ddb5-4fa4-a97d-d965ccfc6d4b" outcome="Passed" testListId="8c84fa94-04c1-424b-9868-57a2d4851a1d" relativeResultsDirectory="61627436-9d63-455b-96ef-b8e077876cb6" />
    <UnitTestResult executionId="36524405-dc33-4160-bf2b-c55999c73bb7" testId="ddeb16d0-a821-1046-3b6e-42a05925eea1" testName="DeleteAsync_ShouldReturnTrue_WhenUserIsDeletedTrue" computerName="SOLNB-1HX9F94" duration="00:00:00.0014214" startTime="2025-08-05T16:03:38.2562921+05:30" endTime="2025-08-05T16:03:38.2577759+05:30" testType="13cdc9d9-ddb5-4fa4-a97d-d965ccfc6d4b" outcome="Passed" testListId="8c84fa94-04c1-424b-9868-57a2d4851a1d" relativeResultsDirectory="36524405-dc33-4160-bf2b-c55999c73bb7" />
    <UnitTestResult executionId="7ed4bd40-e5ae-4918-8903-8753ccd8be55" testId="43774e13-61b2-7dd9-cdb4-f09dd1d991be" testName="GetAllAsync_ShouldReturnMappedDtos_WithIsOccupiedSetCorrectly" computerName="SOLNB-1HX9F94" duration="00:00:00.0106893" startTime="2025-08-05T16:03:38.3501383+05:30" endTime="2025-08-05T16:03:38.3609788+05:30" testType="13cdc9d9-ddb5-4fa4-a97d-d965ccfc6d4b" outcome="Passed" testListId="8c84fa94-04c1-424b-9868-57a2d4851a1d" relativeResultsDirectory="7ed4bd40-e5ae-4918-8903-8753ccd8be55" />
    <UnitTestResult executionId="c99b4372-70c9-4f63-9e1c-8d128e0e5ebf" testId="9bf74a8d-d87c-c166-c79d-9527e40e5e1c" testName="RegisterAsync_ShouldReturnCreatedUserFalse" computerName="SOLNB-1HX9F94" duration="00:00:00.1891862" startTime="2025-08-05T16:03:37.7741870+05:30" endTime="2025-08-05T16:03:37.9635676+05:30" testType="13cdc9d9-ddb5-4fa4-a97d-d965ccfc6d4b" outcome="Passed" testListId="8c84fa94-04c1-424b-9868-57a2d4851a1d" relativeResultsDirectory="c99b4372-70c9-4f63-9e1c-8d128e0e5ebf" />
    <UnitTestResult executionId="8f7fc5a2-30a2-4bfa-b8b5-0f00b620fbf3" testId="d422f7fa-a359-2d23-decf-f62398b71304" testName="Update_ShouldReturnNotFound_WhenUserDoesNotExist" computerName="SOLNB-1HX9F94" duration="00:00:00.0008130" startTime="2025-08-05T16:03:38.4229270+05:30" endTime="2025-08-05T16:03:38.4237972+05:30" testType="13cdc9d9-ddb5-4fa4-a97d-d965ccfc6d4b" outcome="Passed" testListId="8c84fa94-04c1-424b-9868-57a2d4851a1d" relativeResultsDirectory="8f7fc5a2-30a2-4bfa-b8b5-0f00b620fbf3" />
    <UnitTestResult executionId="7052fb6a-da1c-4115-96ef-b0acabf076b5" testId="0b9443cd-95f4-6e2f-1b30-b3f63191f802" testName="Update_ReturnsNotFound_WhenVehicleMissing" computerName="SOLNB-1HX9F94" duration="00:00:00.0011947" startTime="2025-08-05T16:03:38.4370312+05:30" endTime="2025-08-05T16:03:38.4383537+05:30" testType="13cdc9d9-ddb5-4fa4-a97d-d965ccfc6d4b" outcome="Passed" testListId="8c84fa94-04c1-424b-9868-57a2d4851a1d" relativeResultsDirectory="7052fb6a-da1c-4115-96ef-b0acabf076b5" />
    <UnitTestResult executionId="a121648d-f21a-4d50-a9ae-8275e3fac44b" testId="3014884c-cb7b-7f9e-db43-60d68e3b7245" testName="GetByIdAsync_ShouldReturnVehicle_WhenVehicleExists" computerName="SOLNB-1HX9F94" duration="00:00:00.0048732" startTime="2025-08-05T16:03:38.2926402+05:30" endTime="2025-08-05T16:03:38.2976278+05:30" testType="13cdc9d9-ddb5-4fa4-a97d-d965ccfc6d4b" outcome="Passed" testListId="8c84fa94-04c1-424b-9868-57a2d4851a1d" relativeResultsDirectory="a121648d-f21a-4d50-a9ae-8275e3fac44b" />
    <UnitTestResult executionId="ab4fec37-3b61-414a-8a5a-28ad14d3318d" testId="fe8c0d46-29ab-2ce6-1539-9971916e004d" testName="Create_ShouldReturn500_OnException" computerName="SOLNB-1HX9F94" duration="00:00:00.0007217" startTime="2025-08-05T16:03:38.4011515+05:30" endTime="2025-08-05T16:03:38.4019237+05:30" testType="13cdc9d9-ddb5-4fa4-a97d-d965ccfc6d4b" outcome="Passed" testListId="8c84fa94-04c1-424b-9868-57a2d4851a1d" relativeResultsDirectory="ab4fec37-3b61-414a-8a5a-28ad14d3318d" />
    <UnitTestResult executionId="cb9e5a06-fe65-4f47-8e7a-edc8ce420949" testId="9e3db448-0162-4616-558b-43031bd5c23e" testName="GetByVehicleId_ShouldReturnOkWithData" computerName="SOLNB-1HX9F94" duration="00:00:00.0009433" startTime="2025-08-05T16:03:38.3812321+05:30" endTime="2025-08-05T16:03:38.3822501+05:30" testType="13cdc9d9-ddb5-4fa4-a97d-d965ccfc6d4b" outcome="Passed" testListId="8c84fa94-04c1-424b-9868-57a2d4851a1d" relativeResultsDirectory="cb9e5a06-fe65-4f47-8e7a-edc8ce420949" />
    <UnitTestResult executionId="895f9433-f54c-4356-a9cf-8bf8ce3d0e02" testId="e0aede23-3949-7013-599b-9cc9564cf804" testName="Update_ShouldReturnNotFound_WhenMissing" computerName="SOLNB-1HX9F94" duration="00:00:00.0006990" startTime="2025-08-05T16:03:38.4039146+05:30" endTime="2025-08-05T16:03:38.4046672+05:30" testType="13cdc9d9-ddb5-4fa4-a97d-d965ccfc6d4b" outcome="Passed" testListId="8c84fa94-04c1-424b-9868-57a2d4851a1d" relativeResultsDirectory="895f9433-f54c-4356-a9cf-8bf8ce3d0e02" />
    <UnitTestResult executionId="af4582a6-c9a9-4c8e-86ce-d9da11b0ccb7" testId="e263794e-79bf-60ce-7ee9-23cc78ebf5bc" testName="GetAll_ThrowsException_Returns500" computerName="SOLNB-1HX9F94" duration="00:00:00.0007446" startTime="2025-08-05T16:03:38.4276079+05:30" endTime="2025-08-05T16:03:38.4284136+05:30" testType="13cdc9d9-ddb5-4fa4-a97d-d965ccfc6d4b" outcome="Passed" testListId="8c84fa94-04c1-424b-9868-57a2d4851a1d" relativeResultsDirectory="af4582a6-c9a9-4c8e-86ce-d9da11b0ccb7" />
    <UnitTestResult executionId="2b506215-db81-4a9b-8a16-0aef7c5218fb" testId="af62867a-a9d0-90ee-9a01-bb57c2748870" testName="DeleteAsync_ShouldReturnFalse_WhenVehicleNotFound" computerName="SOLNB-1HX9F94" duration="00:00:00.0004397" startTime="2025-08-05T16:03:38.3183945+05:30" endTime="2025-08-05T16:03:38.3188904+05:30" testType="13cdc9d9-ddb5-4fa4-a97d-d965ccfc6d4b" outcome="Passed" testListId="8c84fa94-04c1-424b-9868-57a2d4851a1d" relativeResultsDirectory="2b506215-db81-4a9b-8a16-0aef7c5218fb" />
    <UnitTestResult executionId="4ec51543-a975-4c22-b528-e90bc3d4afd8" testId="1d421169-d582-d033-d8f4-66d68254d506" testName="GetByUserId_ReturnsVehicles" computerName="SOLNB-1HX9F94" duration="00:00:00.0008218" startTime="2025-08-05T16:03:38.4303158+05:30" endTime="2025-08-05T16:03:38.4311856+05:30" testType="13cdc9d9-ddb5-4fa4-a97d-d965ccfc6d4b" outcome="Passed" testListId="8c84fa94-04c1-424b-9868-57a2d4851a1d" relativeResultsDirectory="4ec51543-a975-4c22-b528-e90bc3d4afd8" />
    <UnitTestResult executionId="d87f37a1-867b-4349-b517-672d20bd27e3" testId="dc766bfd-83f6-041b-ed51-e8f2826ec557" testName="GetAll_ShouldReturnOkWithUsersFalse" computerName="SOLNB-1HX9F94" duration="00:00:00.0008979" startTime="2025-08-05T16:03:38.4119294+05:30" endTime="2025-08-05T16:03:38.4128816+05:30" testType="13cdc9d9-ddb5-4fa4-a97d-d965ccfc6d4b" outcome="Passed" testListId="8c84fa94-04c1-424b-9868-57a2d4851a1d" relativeResultsDirectory="d87f37a1-867b-4349-b517-672d20bd27e3" />
    <UnitTestResult executionId="0e124aa8-79a5-4689-a311-e98b986fcd9d" testId="1761e82a-6c5c-f18a-db28-cf2b6ec869e7" testName="DeleteAsync_ShouldReturnTrue_WhenUserIsDeletedFalse" computerName="SOLNB-1HX9F94" duration="00:00:00.0019244" startTime="2025-08-05T16:03:38.2793130+05:30" endTime="2025-08-05T16:03:38.2814661+05:30" testType="13cdc9d9-ddb5-4fa4-a97d-d965ccfc6d4b" outcome="Passed" testListId="8c84fa94-04c1-424b-9868-57a2d4851a1d" relativeResultsDirectory="0e124aa8-79a5-4689-a311-e98b986fcd9d" />
    <UnitTestResult executionId="ca05f675-d41a-4d0d-b2a4-7c7a5331bfae" testId="196c20b7-56f4-b772-b822-aae7ce399488" testName="GetByIdAsync_ShouldReturnUser_WhenUserExistsTrue" computerName="SOLNB-1HX9F94" duration="00:00:00.0094357" startTime="2025-08-05T16:03:37.5195663+05:30" endTime="2025-08-05T16:03:37.5291251+05:30" testType="13cdc9d9-ddb5-4fa4-a97d-d965ccfc6d4b" outcome="Passed" testListId="8c84fa94-04c1-424b-9868-57a2d4851a1d" relativeResultsDirectory="ca05f675-d41a-4d0d-b2a4-7c7a5331bfae" />
    <UnitTestResult executionId="147b7848-e1b4-4a20-8539-12c6627e84cf" testId="73eb45f5-f88a-3bad-82bc-2e8e7aee5924" testName="GetByIdAsync_ShouldReturnMappedDto_WhenLotExists" computerName="SOLNB-1HX9F94" duration="00:00:00.0021585" startTime="2025-08-05T16:03:38.3610781+05:30" endTime="2025-08-05T16:03:38.3633506+05:30" testType="13cdc9d9-ddb5-4fa4-a97d-d965ccfc6d4b" outcome="Passed" testListId="8c84fa94-04c1-424b-9868-57a2d4851a1d" relativeResultsDirectory="147b7848-e1b4-4a20-8539-12c6627e84cf" />
    <UnitTestResult executionId="40a0125c-590f-496c-adb7-786da7dca481" testId="9a875d61-da3d-d643-b275-40ed1759ad08" testName="UpdateAsync_ShouldReturnNull_WhenVehicleNotFound" computerName="SOLNB-1HX9F94" duration="00:00:00.0009301" startTime="2025-08-05T16:03:38.3227360+05:30" endTime="2025-08-05T16:03:38.3237860+05:30" testType="13cdc9d9-ddb5-4fa4-a97d-d965ccfc6d4b" outcome="Passed" testListId="8c84fa94-04c1-424b-9868-57a2d4851a1d" relativeResultsDirectory="40a0125c-590f-496c-adb7-786da7dca481" />
    <UnitTestResult executionId="3126949a-b5f8-45f1-a456-e47efacf4f26" testId="3e45a5c8-7e10-fc13-be20-aa11ae138f44" testName="DeleteAsync_DeletesAndReturnsTrue" computerName="SOLNB-1HX9F94" duration="00:00:00.0004809" startTime="2025-08-05T16:03:38.3717886+05:30" endTime="2025-08-05T16:03:38.3723355+05:30" testType="13cdc9d9-ddb5-4fa4-a97d-d965ccfc6d4b" outcome="Passed" testListId="8c84fa94-04c1-424b-9868-57a2d4851a1d" relativeResultsDirectory="3126949a-b5f8-45f1-a456-e47efacf4f26" />
    <UnitTestResult executionId="434fd59a-77ea-4226-9247-6fb5186761d2" testId="abf3ca11-8a70-2db8-e643-ff136054ebcb" testName="Register_ShouldReturnOk_WhenUserIsCreated" computerName="SOLNB-1HX9F94" duration="00:00:00.0013521" startTime="2025-08-05T16:03:38.4129074+05:30" endTime="2025-08-05T16:03:38.4143094+05:30" testType="13cdc9d9-ddb5-4fa4-a97d-d965ccfc6d4b" outcome="Passed" testListId="8c84fa94-04c1-424b-9868-57a2d4851a1d" relativeResultsDirectory="434fd59a-77ea-4226-9247-6fb5186761d2" />
    <UnitTestResult executionId="e5db7181-874a-4831-820b-13154eb534f0" testId="4d7d8266-59c1-d2c3-ae66-ad8c4104f569" testName="Delete_ShouldReturnNoContent_WhenDeleted" computerName="SOLNB-1HX9F94" duration="00:00:00.0009357" startTime="2025-08-05T16:03:38.4046974+05:30" endTime="2025-08-05T16:03:38.4056852+05:30" testType="13cdc9d9-ddb5-4fa4-a97d-d965ccfc6d4b" outcome="Passed" testListId="8c84fa94-04c1-424b-9868-57a2d4851a1d" relativeResultsDirectory="e5db7181-874a-4831-820b-13154eb534f0" />
    <UnitTestResult executionId="51209709-07f1-4573-8984-ed3580011431" testId="6f9c1c44-45e2-6c18-76f6-77d349e2bcb0" testName="DeleteAsync_ShouldReturnTrue_WhenEntityExists" computerName="SOLNB-1HX9F94" duration="00:00:00.0018209" startTime="2025-08-05T16:03:38.3353350+05:30" endTime="2025-08-05T16:03:38.3372454+05:30" testType="13cdc9d9-ddb5-4fa4-a97d-d965ccfc6d4b" outcome="Passed" testListId="8c84fa94-04c1-424b-9868-57a2d4851a1d" relativeResultsDirectory="51209709-07f1-4573-8984-ed3580011431" />
    <UnitTestResult executionId="4072e007-74a3-4b3b-a06e-33d979c56f8b" testId="e799c0c7-3aef-cde6-8bb8-e23656100378" testName="GetByUserIdAsync_ShouldReturnEmpty_WhenUserHasNoVehicles" computerName="SOLNB-1HX9F94" duration="00:00:00.0026440" startTime="2025-08-05T16:03:38.3038890+05:30" endTime="2025-08-05T16:03:38.3066450+05:30" testType="13cdc9d9-ddb5-4fa4-a97d-d965ccfc6d4b" outcome="Passed" testListId="8c84fa94-04c1-424b-9868-57a2d4851a1d" relativeResultsDirectory="4072e007-74a3-4b3b-a06e-33d979c56f8b" />
    <UnitTestResult executionId="67e37581-1944-48a8-8581-56403289d844" testId="fe358b15-b7cc-2a44-b534-19a574d2a2f4" testName="DeleteAsync_ShouldReturnTrue_WhenVehicleExists" computerName="SOLNB-1HX9F94" duration="00:00:00.0013434" startTime="2025-08-05T16:03:38.3169378+05:30" endTime="2025-08-05T16:03:38.3183608+05:30" testType="13cdc9d9-ddb5-4fa4-a97d-d965ccfc6d4b" outcome="Passed" testListId="8c84fa94-04c1-424b-9868-57a2d4851a1d" relativeResultsDirectory="67e37581-1944-48a8-8581-56403289d844" />
    <UnitTestResult executionId="e6fda722-b7a1-49b3-8180-f8b0511306d4" testId="5448e05d-c875-bf44-114a-fd9619369e1d" testName="UpdateAsync_ShouldReturnTrue_WhenEntityExists" computerName="SOLNB-1HX9F94" duration="00:00:00.0031327" startTime="2025-08-05T16:03:38.3462745+05:30" endTime="2025-08-05T16:03:38.3494878+05:30" testType="13cdc9d9-ddb5-4fa4-a97d-d965ccfc6d4b" outcome="Passed" testListId="8c84fa94-04c1-424b-9868-57a2d4851a1d" relativeResultsDirectory="e6fda722-b7a1-49b3-8180-f8b0511306d4" />
    <UnitTestResult executionId="2ee70397-9302-4ee4-b144-8ece0fab9277" testId="e71e6cc3-eb72-a390-e058-a9dce30b9d62" testName="GetByUserIdAsync_ShouldReturnVehicles_WhenUserHasVehicles" computerName="SOLNB-1HX9F94" duration="00:00:00.0050390" startTime="2025-08-05T16:03:38.2986852+05:30" endTime="2025-08-05T16:03:38.3038296+05:30" testType="13cdc9d9-ddb5-4fa4-a97d-d965ccfc6d4b" outcome="Passed" testListId="8c84fa94-04c1-424b-9868-57a2d4851a1d" relativeResultsDirectory="2ee70397-9302-4ee4-b144-8ece0fab9277" />
    <UnitTestResult executionId="9b4d4b39-42b8-4e06-9ce2-5920895f1750" testId="6b635aa3-bec2-5035-fab8-faf002bd3c5b" testName="RegisterAsync_ShouldReturnCreatedUserTrue" computerName="SOLNB-1HX9F94" duration="00:00:00.2429737" startTime="2025-08-05T16:03:37.5309619+05:30" endTime="2025-08-05T16:03:37.7740680+05:30" testType="13cdc9d9-ddb5-4fa4-a97d-d965ccfc6d4b" outcome="Passed" testListId="8c84fa94-04c1-424b-9868-57a2d4851a1d" relativeResultsDirectory="9b4d4b39-42b8-4e06-9ce2-5920895f1750" />
    <UnitTestResult executionId="5b39231f-499c-40b8-9b73-b9fd5065c508" testId="63c774fd-51b1-09e9-cda7-d1d1fc7d1c8c" testName="GetAllAsync_ShouldReturnMappedAllocations" computerName="SOLNB-1HX9F94" duration="00:00:00.0086967" startTime="2025-08-05T16:03:38.3238400+05:30" endTime="2025-08-05T16:03:38.3327345+05:30" testType="13cdc9d9-ddb5-4fa4-a97d-d965ccfc6d4b" outcome="Passed" testListId="8c84fa94-04c1-424b-9868-57a2d4851a1d" relativeResultsDirectory="5b39231f-499c-40b8-9b73-b9fd5065c508" />
    <UnitTestResult executionId="edfc0927-de63-4d7d-b30e-5ce5467f2e5d" testId="79f1df1b-99f8-41bb-14c7-4e6d3cd79359" testName="CreateAsync_ShouldThrowException_WhenRepositoryFails" computerName="SOLNB-1HX9F94" duration="00:00:00.0025164" startTime="2025-08-05T16:03:38.3436249+05:30" endTime="2025-08-05T16:03:38.3462356+05:30" testType="13cdc9d9-ddb5-4fa4-a97d-d965ccfc6d4b" outcome="Passed" testListId="8c84fa94-04c1-424b-9868-57a2d4851a1d" relativeResultsDirectory="edfc0927-de63-4d7d-b30e-5ce5467f2e5d" />
    <UnitTestResult executionId="f1f8228c-7a1e-4be3-bfc8-e83b8e436077" testId="6bd6d10a-fd16-00dc-2b8b-068bb459c5ba" testName="UpdateAsync_ShouldReturnFalse_WhenEntityDoesNotExist" computerName="SOLNB-1HX9F94" duration="00:00:00.0005321" startTime="2025-08-05T16:03:38.3495193+05:30" endTime="2025-08-05T16:03:38.3501095+05:30" testType="13cdc9d9-ddb5-4fa4-a97d-d965ccfc6d4b" outcome="Passed" testListId="8c84fa94-04c1-424b-9868-57a2d4851a1d" relativeResultsDirectory="f1f8228c-7a1e-4be3-bfc8-e83b8e436077" />
    <UnitTestResult executionId="836fffea-ff74-45ae-b79c-0496c2cdd9b9" testId="d9f31a27-989c-3017-9467-feec03588e0e" testName="Update_ShouldReturnOk_WhenSuccessful" computerName="SOLNB-1HX9F94" duration="00:00:00.0013111" startTime="2025-08-05T16:03:38.4215365+05:30" endTime="2025-08-05T16:03:38.4228957+05:30" testType="13cdc9d9-ddb5-4fa4-a97d-d965ccfc6d4b" outcome="Passed" testListId="8c84fa94-04c1-424b-9868-57a2d4851a1d" relativeResultsDirectory="836fffea-ff74-45ae-b79c-0496c2cdd9b9" />
    <UnitTestResult executionId="64154ac3-ba65-4809-9f88-99cdc5f21ba1" testId="04296688-23c3-7b47-bb14-5d1470d62fa2" testName="Create_ReturnsCreatedAtAction" computerName="SOLNB-1HX9F94" duration="00:00:00.0012664" startTime="2025-08-05T16:03:38.4320936+05:30" endTime="2025-08-05T16:03:38.4334120+05:30" testType="13cdc9d9-ddb5-4fa4-a97d-d965ccfc6d4b" outcome="Passed" testListId="8c84fa94-04c1-424b-9868-57a2d4851a1d" relativeResultsDirectory="64154ac3-ba65-4809-9f88-99cdc5f21ba1" />
    <UnitTestResult executionId="e084fc17-f0d9-4027-91b0-501a73d66104" testId="43e8a79f-f744-432b-89e4-f43b68755767" testName="Delete_ShouldReturnNoContent_WhenSuccessful" computerName="SOLNB-1HX9F94" duration="00:00:00.0009244" startTime="2025-08-05T16:03:38.4200272+05:30" endTime="2025-08-05T16:03:38.4210066+05:30" testType="13cdc9d9-ddb5-4fa4-a97d-d965ccfc6d4b" outcome="Passed" testListId="8c84fa94-04c1-424b-9868-57a2d4851a1d" relativeResultsDirectory="e084fc17-f0d9-4027-91b0-501a73d66104" />
    <UnitTestResult executionId="e9c7c16b-eea5-4635-8acb-f19b95bd0869" testId="d14355f8-f074-a30e-854f-16f5aa3d3252" testName="Search_ShouldReturnBadRequest_WhenInvalidDates" computerName="SOLNB-1HX9F94" duration="00:00:00.0002855" startTime="2025-08-05T16:03:38.4079281+05:30" endTime="2025-08-05T16:03:38.4082632+05:30" testType="13cdc9d9-ddb5-4fa4-a97d-d965ccfc6d4b" outcome="Passed" testListId="8c84fa94-04c1-424b-9868-57a2d4851a1d" relativeResultsDirectory="e9c7c16b-eea5-4635-8acb-f19b95bd0869" />
    <UnitTestResult executionId="f6419416-e7eb-440b-b784-68de9841a7e4" testId="e4275c15-7221-7555-2e0e-dc88261c14c8" testName="GetAll_ReturnsOk_WithVehicleList" computerName="SOLNB-1HX9F94" duration="00:00:00.0030732" startTime="2025-08-05T16:03:38.4238229+05:30" endTime="2025-08-05T16:03:38.4269975+05:30" testType="13cdc9d9-ddb5-4fa4-a97d-d965ccfc6d4b" outcome="Passed" testListId="8c84fa94-04c1-424b-9868-57a2d4851a1d" relativeResultsDirectory="f6419416-e7eb-440b-b784-68de9841a7e4" />
    <UnitTestResult executionId="17db3629-f94b-498d-b775-0e9c07407f59" testId="ddfa01f6-eca9-9657-1039-d9a40e70ca15" testName="Update_ShouldReturnOk_WhenSuccess" computerName="SOLNB-1HX9F94" duration="00:00:00.0012274" startTime="2025-08-05T16:03:38.4025987+05:30" endTime="2025-08-05T16:03:38.4038892+05:30" testType="13cdc9d9-ddb5-4fa4-a97d-d965ccfc6d4b" outcome="Passed" testListId="8c84fa94-04c1-424b-9868-57a2d4851a1d" relativeResultsDirectory="17db3629-f94b-498d-b775-0e9c07407f59" />
    <UnitTestResult executionId="1c0b762f-2939-4a76-8620-7cd6edffb894" testId="227eda6d-825e-d38a-7263-44dad81e6b1b" testName="Register_ShouldReturnBadRequest_WhenMobileNumberExists" computerName="SOLNB-1HX9F94" duration="00:00:00.0007450" startTime="2025-08-05T16:03:38.4157906+05:30" endTime="2025-08-05T16:03:38.4165981+05:30" testType="13cdc9d9-ddb5-4fa4-a97d-d965ccfc6d4b" outcome="Passed" testListId="8c84fa94-04c1-424b-9868-57a2d4851a1d" relativeResultsDirectory="1c0b762f-2939-4a76-8620-7cd6edffb894" />
    <UnitTestResult executionId="9eeeb152-7547-49f4-89d5-ff7082b83a70" testId="c0009152-5d85-b475-a959-c4980d501eb8" testName="DeleteAsync_ShouldReturnTrue_WhenSuccessful" computerName="SOLNB-1HX9F94" duration="00:00:00.0012220" startTime="2025-08-05T16:03:38.3660157+05:30" endTime="2025-08-05T16:03:38.3673184+05:30" testType="13cdc9d9-ddb5-4fa4-a97d-d965ccfc6d4b" outcome="Passed" testListId="8c84fa94-04c1-424b-9868-57a2d4851a1d" relativeResultsDirectory="9eeeb152-7547-49f4-89d5-ff7082b83a70" />
    <UnitTestResult executionId="2e3b0caf-b839-4cee-99d5-aa8e2a613a70" testId="45d38f21-20e6-fa81-7f1c-8e447ff2789b" testName="DeleteAsync_ReturnsFalse_WhenNotFound" computerName="SOLNB-1HX9F94" duration="00:00:00.0004364" startTime="2025-08-05T16:03:38.3712428+05:30" endTime="2025-08-05T16:03:38.3717560+05:30" testType="13cdc9d9-ddb5-4fa4-a97d-d965ccfc6d4b" outcome="Passed" testListId="8c84fa94-04c1-424b-9868-57a2d4851a1d" relativeResultsDirectory="2e3b0caf-b839-4cee-99d5-aa8e2a613a70" />
    <UnitTestResult executionId="ed0ef472-9721-4fc6-a69b-08eaf9bf7f97" testId="a13cb9fb-2890-c4cf-3793-b9d80bdb7b95" testName="LoginAsync_ShouldReturnUser_WhenValidCredentialsTrue" computerName="SOLNB-1HX9F94" duration="00:00:00.2907746" startTime="2025-08-05T16:03:37.9636913+05:30" endTime="2025-08-05T16:03:38.2546703+05:30" testType="13cdc9d9-ddb5-4fa4-a97d-d965ccfc6d4b" outcome="Passed" testListId="8c84fa94-04c1-424b-9868-57a2d4851a1d" relativeResultsDirectory="ed0ef472-9721-4fc6-a69b-08eaf9bf7f97" />
    <UnitTestResult executionId="25c9f4f7-dc69-4102-9a35-b8f8a4f357f6" testId="02e81839-7c12-edfb-4c02-0ab0c912d49e" testName="Delete_ReturnsNoContent_WhenDeleted" computerName="SOLNB-1HX9F94" duration="00:00:00.0018371" startTime="2025-08-05T16:03:38.4384054+05:30" endTime="2025-08-05T16:03:38.4403424+05:30" testType="13cdc9d9-ddb5-4fa4-a97d-d965ccfc6d4b" outcome="Passed" testListId="8c84fa94-04c1-424b-9868-57a2d4851a1d" relativeResultsDirectory="25c9f4f7-dc69-4102-9a35-b8f8a4f357f6" />
    <UnitTestResult executionId="f5c654a8-d693-426a-953d-13b95ca8347f" testId="9a8a651e-ab5b-c4f6-01b0-32269ed030ea" testName="DeleteAsync_ShouldReturnFalse_WhenEntityDoesNotExist" computerName="SOLNB-1HX9F94" duration="00:00:00.0005405" startTime="2025-08-05T16:03:38.3372832+05:30" endTime="2025-08-05T16:03:38.3378912+05:30" testType="13cdc9d9-ddb5-4fa4-a97d-d965ccfc6d4b" outcome="Passed" testListId="8c84fa94-04c1-424b-9868-57a2d4851a1d" relativeResultsDirectory="f5c654a8-d693-426a-953d-13b95ca8347f" />
    <UnitTestResult executionId="bd6e8c6e-4f1d-4ef6-a19b-a97ef59decc1" testId="343f5695-023c-9961-af4f-e1f4153e9db1" testName="Login_ShouldReturnUnauthorized_WhenInvalid" computerName="SOLNB-1HX9F94" duration="00:00:00.0008213" startTime="2025-08-05T16:03:38.4191105+05:30" endTime="2025-08-05T16:03:38.4200002+05:30" testType="13cdc9d9-ddb5-4fa4-a97d-d965ccfc6d4b" outcome="Passed" testListId="8c84fa94-04c1-424b-9868-57a2d4851a1d" relativeResultsDirectory="bd6e8c6e-4f1d-4ef6-a19b-a97ef59decc1" />
    <UnitTestResult executionId="96ab52aa-593b-4ca9-bece-94ea559604e4" testId="d1e154b9-9f9d-7751-9023-e5767229013a" testName="Create_ShouldReturnCreated_WhenSuccessful" computerName="SOLNB-1HX9F94" duration="00:00:00.0036455" startTime="2025-08-05T16:03:38.3822882+05:30" endTime="2025-08-05T16:03:38.3860112+05:30" testType="13cdc9d9-ddb5-4fa4-a97d-d965ccfc6d4b" outcome="Passed" testListId="8c84fa94-04c1-424b-9868-57a2d4851a1d" relativeResultsDirectory="96ab52aa-593b-4ca9-bece-94ea559604e4" />
    <UnitTestResult executionId="0499a452-eac6-422d-bb88-5cf99b3dba7c" testId="531c724b-f4fe-c4ff-bd15-04e1b9c3dae3" testName="GetById_ShouldReturnNotFound_WhenMissing" computerName="SOLNB-1HX9F94" duration="00:00:00.0004647" startTime="2025-08-05T16:03:38.3992632+05:30" endTime="2025-08-05T16:03:38.3997800+05:30" testType="13cdc9d9-ddb5-4fa4-a97d-d965ccfc6d4b" outcome="Passed" testListId="8c84fa94-04c1-424b-9868-57a2d4851a1d" relativeResultsDirectory="0499a452-eac6-422d-bb88-5cf99b3dba7c" />
    <UnitTestResult executionId="7dac8216-c748-48b9-81e8-5570c185826d" testId="a3ec6e65-e399-e464-74f5-ba11f372873d" testName="GetById_ShouldReturnOk_WhenFound" computerName="SOLNB-1HX9F94" duration="00:00:00.0015114" startTime="2025-08-05T16:03:38.3788288+05:30" endTime="2025-08-05T16:03:38.3804503+05:30" testType="13cdc9d9-ddb5-4fa4-a97d-d965ccfc6d4b" outcome="Passed" testListId="8c84fa94-04c1-424b-9868-57a2d4851a1d" relativeResultsDirectory="7dac8216-c748-48b9-81e8-5570c185826d" />
    <UnitTestResult executionId="f8692dc2-5e64-4f6a-88e9-39848bba3251" testId="1f3dc559-d888-f056-7513-00084deb3366" testName="Create_ShouldReturnCreated_WhenSuccess" computerName="SOLNB-1HX9F94" duration="00:00:00.0012630" startTime="2025-08-05T16:03:38.3998052+05:30" endTime="2025-08-05T16:03:38.4011250+05:30" testType="13cdc9d9-ddb5-4fa4-a97d-d965ccfc6d4b" outcome="Passed" testListId="8c84fa94-04c1-424b-9868-57a2d4851a1d" relativeResultsDirectory="f8692dc2-5e64-4f6a-88e9-39848bba3251" />
    <UnitTestResult executionId="1a8b24ee-36f4-4858-8c7b-40b138e1ef77" testId="7bdbc46c-04fd-1dd1-e11e-17429e52cb37" testName="Delete_ShouldReturnNoContent_WhenSuccessful" computerName="SOLNB-1HX9F94" duration="00:00:00.0013471" startTime="2025-08-05T16:03:38.3919091+05:30" endTime="2025-08-05T16:03:38.3933129+05:30" testType="13cdc9d9-ddb5-4fa4-a97d-d965ccfc6d4b" outcome="Passed" testListId="8c84fa94-04c1-424b-9868-57a2d4851a1d" relativeResultsDirectory="1a8b24ee-36f4-4858-8c7b-40b138e1ef77" />
    <UnitTestResult executionId="b89c7658-a93c-40eb-935c-94d38dcc0fde" testId="aa98d86b-b840-a1e7-2124-dd9ee61f971f" testName="GetById_ReturnsOk_WhenVehicleExists" computerName="SOLNB-1HX9F94" duration="00:00:00.0010401" startTime="2025-08-05T16:03:38.4284383+05:30" endTime="2025-08-05T16:03:38.4295287+05:30" testType="13cdc9d9-ddb5-4fa4-a97d-d965ccfc6d4b" outcome="Passed" testListId="8c84fa94-04c1-424b-9868-57a2d4851a1d" relativeResultsDirectory="b89c7658-a93c-40eb-935c-94d38dcc0fde" />
    <UnitTestResult executionId="4c1f8bb1-4603-4fe1-a7f2-2b787afb7663" testId="00537472-3619-116a-3f34-3333ad460a38" testName="UpdateAsync_ShouldReturnUpdatedVehicle_WhenValid" computerName="SOLNB-1HX9F94" duration="00:00:00.0036842" startTime="2025-08-05T16:03:38.3189181+05:30" endTime="2025-08-05T16:03:38.3226797+05:30" testType="13cdc9d9-ddb5-4fa4-a97d-d965ccfc6d4b" outcome="Passed" testListId="8c84fa94-04c1-424b-9868-57a2d4851a1d" relativeResultsDirectory="4c1f8bb1-4603-4fe1-a7f2-2b787afb7663" />
    <UnitTestResult executionId="e93eede2-226e-4aab-9139-1e518345029e" testId="117f34a4-11ac-b1e0-ab4d-607741e8731e" testName="CreateAsync_ShouldAddAndReturnCreatedDto" computerName="SOLNB-1HX9F94" duration="00:00:00.0024460" startTime="2025-08-05T16:03:38.3634139+05:30" endTime="2025-08-05T16:03:38.3659658+05:30" testType="13cdc9d9-ddb5-4fa4-a97d-d965ccfc6d4b" outcome="Passed" testListId="8c84fa94-04c1-424b-9868-57a2d4851a1d" relativeResultsDirectory="e93eede2-226e-4aab-9139-1e518345029e" />
    <UnitTestResult executionId="e02d646a-bcaf-47f1-b017-00a60f1bee1e" testId="ccab388f-826e-ed05-54fd-db2dda24a00e" testName="Update_ShouldReturnConflict_WhenNull" computerName="SOLNB-1HX9F94" duration="00:00:00.0008367" startTime="2025-08-05T16:03:38.3909672+05:30" endTime="2025-08-05T16:03:38.3918810+05:30" testType="13cdc9d9-ddb5-4fa4-a97d-d965ccfc6d4b" outcome="Passed" testListId="8c84fa94-04c1-424b-9868-57a2d4851a1d" relativeResultsDirectory="e02d646a-bcaf-47f1-b017-00a60f1bee1e" />
    <UnitTestResult executionId="defd226e-ed8c-46b9-8401-9694b4f575ad" testId="bb080c0e-ac9f-0924-9df6-8b2331f8bb5e" testName="UpdateAsync_ShouldReturnUpdatedUserFalsee" computerName="SOLNB-1HX9F94" duration="00:00:00.0037315" startTime="2025-08-05T16:03:38.2875909+05:30" endTime="2025-08-05T16:03:38.2926020+05:30" testType="13cdc9d9-ddb5-4fa4-a97d-d965ccfc6d4b" outcome="Passed" testListId="8c84fa94-04c1-424b-9868-57a2d4851a1d" relativeResultsDirectory="defd226e-ed8c-46b9-8401-9694b4f575ad" />
    <UnitTestResult executionId="796d7be7-40f8-47d7-a05c-7c36e3323df8" testId="c8f9674e-3b76-5474-da63-288c8c8609ce" testName="Delete_ShouldReturnNotFound_WhenNotFound" computerName="SOLNB-1HX9F94" duration="00:00:00.0004183" startTime="2025-08-05T16:03:38.3933400+05:30" endTime="2025-08-05T16:03:38.3938120+05:30" testType="13cdc9d9-ddb5-4fa4-a97d-d965ccfc6d4b" outcome="Passed" testListId="8c84fa94-04c1-424b-9868-57a2d4851a1d" relativeResultsDirectory="796d7be7-40f8-47d7-a05c-7c36e3323df8" />
    <UnitTestResult executionId="d09784f8-68ca-4044-8dc8-bd1cc5a45194" testId="60ab43f4-d1d6-ef63-6b0a-a5e9a4ecfb47" testName="GetById_ReturnsNotFound_WhenVehicleDoesNotExist" computerName="SOLNB-1HX9F94" duration="00:00:00.0006885" startTime="2025-08-05T16:03:38.4295533+05:30" endTime="2025-08-05T16:03:38.4302900+05:30" testType="13cdc9d9-ddb5-4fa4-a97d-d965ccfc6d4b" outcome="Passed" testListId="8c84fa94-04c1-424b-9868-57a2d4851a1d" relativeResultsDirectory="d09784f8-68ca-4044-8dc8-bd1cc5a45194" />
    <UnitTestResult executionId="fc657979-e8d1-432c-9029-d38481e264d8" testId="dcad01f7-2ff1-46be-5014-80da8c37fab5" testName="GetAll_ShouldReturnOk_WithParkingLots" computerName="SOLNB-1HX9F94" duration="00:00:00.0030057" startTime="2025-08-05T16:03:38.3938378+05:30" endTime="2025-08-05T16:03:38.3969569+05:30" testType="13cdc9d9-ddb5-4fa4-a97d-d965ccfc6d4b" outcome="Passed" testListId="8c84fa94-04c1-424b-9868-57a2d4851a1d" relativeResultsDirectory="fc657979-e8d1-432c-9029-d38481e264d8" />
    <UnitTestResult executionId="a4713f20-ac98-4bb4-ad24-f4072248a262" testId="d274b92b-c261-c981-fd9b-7dd043ffe3de" testName="Search_ReturnsMatchingVehicles" computerName="SOLNB-1HX9F94" duration="00:00:00.0008042" startTime="2025-08-05T16:03:38.4312113+05:30" endTime="2025-08-05T16:03:38.4320672+05:30" testType="13cdc9d9-ddb5-4fa4-a97d-d965ccfc6d4b" outcome="Passed" testListId="8c84fa94-04c1-424b-9868-57a2d4851a1d" relativeResultsDirectory="a4713f20-ac98-4bb4-ad24-f4072248a262" />
  </Results>
  <TestDefinitions>
    <UnitTest name="Update_ShouldReturnConflict_WhenNull" storage="c:\users\naga.kiran\source\soleraproject\backendprojecttests\bin\debug\net8.0\backendprojecttests.dll" id="ccab388f-826e-ed05-54fd-db2dda24a00e">
      <Execution id="e02d646a-bcaf-47f1-b017-00a60f1bee1e" />
      <TestMethod codeBase="C:\Users\naga.kiran\source\SoleraProject\BackendProjectTests\bin\debug\net8.0\BackendProjectTests.dll" adapterTypeName="executor://mstestadapter/v2" className="BackendProject.Controllers.Tests.ParkingAllocationsControllerTests" name="Update_ShouldReturnConflict_WhenNull" />
    </UnitTest>
    <UnitTest name="Update_ShouldReturnOk_WhenSuccess" storage="c:\users\naga.kiran\source\soleraproject\backendprojecttests\bin\debug\net8.0\backendprojecttests.dll" id="ddfa01f6-eca9-9657-1039-d9a40e70ca15">
      <Execution id="17db3629-f94b-498d-b775-0e9c07407f59" />
      <TestMethod codeBase="C:\Users\naga.kiran\source\SoleraProject\BackendProjectTests\bin\debug\net8.0\BackendProjectTests.dll" adapterTypeName="executor://mstestadapter/v2" className="BackendProject.Controllers.Tests.ParkingLotsControllerTests" name="Update_ShouldReturnOk_WhenSuccess" />
    </UnitTest>
    <UnitTest name="Update_ShouldReturnOk_WhenSuccessful" storage="c:\users\naga.kiran\source\soleraproject\backendprojecttests\bin\debug\net8.0\backendprojecttests.dll" id="22ca1c0d-0ffe-9889-1ce2-50f61ae3c9b0">
      <Execution id="3186bb53-2f9f-4849-85c3-97b48d0f05be" />
      <TestMethod codeBase="C:\Users\naga.kiran\source\SoleraProject\BackendProjectTests\bin\debug\net8.0\BackendProjectTests.dll" adapterTypeName="executor://mstestadapter/v2" className="BackendProject.Controllers.Tests.ParkingAllocationsControllerTests" name="Update_ShouldReturnOk_WhenSuccessful" />
    </UnitTest>
    <UnitTest name="UpdateAsync_ShouldReturnNull_WhenVehicleNotFound" storage="c:\users\naga.kiran\source\soleraproject\backendprojecttests\bin\debug\net8.0\backendprojecttests.dll" id="9a875d61-da3d-d643-b275-40ed1759ad08">
      <Execution id="40a0125c-590f-496c-adb7-786da7dca481" />
      <TestMethod codeBase="C:\Users\naga.kiran\source\SoleraProject\BackendProjectTests\bin\debug\net8.0\BackendProjectTests.dll" adapterTypeName="executor://mstestadapter/v2" className="BackendProjectTests.Service.Implementation.VehicleServiceTests" name="UpdateAsync_ShouldReturnNull_WhenVehicleNotFound" />
    </UnitTest>
    <UnitTest name="DeleteAsync_DeletesAndReturnsTrue" storage="c:\users\naga.kiran\source\soleraproject\backendprojecttests\bin\debug\net8.0\backendprojecttests.dll" id="3e45a5c8-7e10-fc13-be20-aa11ae138f44">
      <Execution id="3126949a-b5f8-45f1-a456-e47efacf4f26" />
      <TestMethod codeBase="C:\Users\naga.kiran\source\SoleraProject\BackendProjectTests\bin\debug\net8.0\BackendProjectTests.dll" adapterTypeName="executor://mstestadapter/v2" className="BackendProject.Service.Implementation.Tests.ParkingLotServiceTests" name="DeleteAsync_DeletesAndReturnsTrue" />
    </UnitTest>
    <UnitTest name="GetById_ReturnsNotFound_WhenVehicleDoesNotExist" storage="c:\users\naga.kiran\source\soleraproject\backendprojecttests\bin\debug\net8.0\backendprojecttests.dll" id="60ab43f4-d1d6-ef63-6b0a-a5e9a4ecfb47">
      <Execution id="d09784f8-68ca-4044-8dc8-bd1cc5a45194" />
      <TestMethod codeBase="C:\Users\naga.kiran\source\SoleraProject\BackendProjectTests\bin\debug\net8.0\BackendProjectTests.dll" adapterTypeName="executor://mstestadapter/v2" className="BackendProject.Controllers.Tests.VehiclesControllerTests" name="GetById_ReturnsNotFound_WhenVehicleDoesNotExist" />
    </UnitTest>
    <UnitTest name="GetAll_ShouldReturnOkWithUsersTrue" storage="c:\users\naga.kiran\source\soleraproject\backendprojecttests\bin\debug\net8.0\backendprojecttests.dll" id="21c64dd5-30d4-136b-e765-dea9edc49094">
      <Execution id="2f12be05-8622-48dd-aab5-921971f645db" />
      <TestMethod codeBase="C:\Users\naga.kiran\source\SoleraProject\BackendProjectTests\bin\debug\net8.0\BackendProjectTests.dll" adapterTypeName="executor://mstestadapter/v2" className="BackendProject.Controllers.Tests.UsersControllerTests" name="GetAll_ShouldReturnOkWithUsersTrue" />
    </UnitTest>
    <UnitTest name="Search_ShouldReturnBadRequest_WhenInvalidDates" storage="c:\users\naga.kiran\source\soleraproject\backendprojecttests\bin\debug\net8.0\backendprojecttests.dll" id="d14355f8-f074-a30e-854f-16f5aa3d3252">
      <Execution id="e9c7c16b-eea5-4635-8acb-f19b95bd0869" />
      <TestMethod codeBase="C:\Users\naga.kiran\source\SoleraProject\BackendProjectTests\bin\debug\net8.0\BackendProjectTests.dll" adapterTypeName="executor://mstestadapter/v2" className="BackendProject.Controllers.Tests.ParkingLotsControllerTests" name="Search_ShouldReturnBadRequest_WhenInvalidDates" />
    </UnitTest>
    <UnitTest name="Delete_ReturnsNotFound_WhenVehicleDoesNotExist" storage="c:\users\naga.kiran\source\soleraproject\backendprojecttests\bin\debug\net8.0\backendprojecttests.dll" id="aa456fea-ede5-baef-c0fd-346de2041f2d">
      <Execution id="064ea6b9-1d23-47c0-b4ce-eeed229b9280" />
      <TestMethod codeBase="C:\Users\naga.kiran\source\SoleraProject\BackendProjectTests\bin\debug\net8.0\BackendProjectTests.dll" adapterTypeName="executor://mstestadapter/v2" className="BackendProject.Controllers.Tests.VehiclesControllerTests" name="Delete_ReturnsNotFound_WhenVehicleDoesNotExist" />
    </UnitTest>
    <UnitTest name="GetById_ShouldReturnNotFound_WhenMissing" storage="c:\users\naga.kiran\source\soleraproject\backendprojecttests\bin\debug\net8.0\backendprojecttests.dll" id="531c724b-f4fe-c4ff-bd15-04e1b9c3dae3">
      <Execution id="0499a452-eac6-422d-bb88-5cf99b3dba7c" />
      <TestMethod codeBase="C:\Users\naga.kiran\source\SoleraProject\BackendProjectTests\bin\debug\net8.0\BackendProjectTests.dll" adapterTypeName="executor://mstestadapter/v2" className="BackendProject.Controllers.Tests.ParkingLotsControllerTests" name="GetById_ShouldReturnNotFound_WhenMissing" />
    </UnitTest>
    <UnitTest name="Register_ShouldReturnBadRequest_WhenMobileNumberExists" storage="c:\users\naga.kiran\source\soleraproject\backendprojecttests\bin\debug\net8.0\backendprojecttests.dll" id="227eda6d-825e-d38a-7263-44dad81e6b1b">
      <Execution id="1c0b762f-2939-4a76-8620-7cd6edffb894" />
      <TestMethod codeBase="C:\Users\naga.kiran\source\SoleraProject\BackendProjectTests\bin\debug\net8.0\BackendProjectTests.dll" adapterTypeName="executor://mstestadapter/v2" className="BackendProject.Controllers.Tests.UsersControllerTests" name="Register_ShouldReturnBadRequest_WhenMobileNumberExists" />
    </UnitTest>
    <UnitTest name="GetByIdAsync_ShouldReturnUser_WhenUserExistsTrue" storage="c:\users\naga.kiran\source\soleraproject\backendprojecttests\bin\debug\net8.0\backendprojecttests.dll" id="196c20b7-56f4-b772-b822-aae7ce399488">
      <Execution id="ca05f675-d41a-4d0d-b2a4-7c7a5331bfae" />
      <TestMethod codeBase="C:\Users\naga.kiran\source\SoleraProject\BackendProjectTests\bin\debug\net8.0\BackendProjectTests.dll" adapterTypeName="executor://mstestadapter/v2" className="BackendProjectTests.Service.Implementation.UserServiceTests" name="GetByIdAsync_ShouldReturnUser_WhenUserExistsTrue" />
    </UnitTest>
    <UnitTest name="GetAll_ThrowsException_Returns500" storage="c:\users\naga.kiran\source\soleraproject\backendprojecttests\bin\debug\net8.0\backendprojecttests.dll" id="e263794e-79bf-60ce-7ee9-23cc78ebf5bc">
      <Execution id="af4582a6-c9a9-4c8e-86ce-d9da11b0ccb7" />
      <TestMethod codeBase="C:\Users\naga.kiran\source\SoleraProject\BackendProjectTests\bin\debug\net8.0\BackendProjectTests.dll" adapterTypeName="executor://mstestadapter/v2" className="BackendProject.Controllers.Tests.VehiclesControllerTests" name="GetAll_ThrowsException_Returns500" />
    </UnitTest>
    <UnitTest name="GetByUserIdAsync_ShouldReturnVehicles_WhenUserHasVehicles" storage="c:\users\naga.kiran\source\soleraproject\backendprojecttests\bin\debug\net8.0\backendprojecttests.dll" id="e71e6cc3-eb72-a390-e058-a9dce30b9d62">
      <Execution id="2ee70397-9302-4ee4-b144-8ece0fab9277" />
      <TestMethod codeBase="C:\Users\naga.kiran\source\SoleraProject\BackendProjectTests\bin\debug\net8.0\BackendProjectTests.dll" adapterTypeName="executor://mstestadapter/v2" className="BackendProjectTests.Service.Implementation.VehicleServiceTests" name="GetByUserIdAsync_ShouldReturnVehicles_WhenUserHasVehicles" />
    </UnitTest>
    <UnitTest name="GetByIdAsync_ShouldReturnVehicle_WhenVehicleExists" storage="c:\users\naga.kiran\source\soleraproject\backendprojecttests\bin\debug\net8.0\backendprojecttests.dll" id="3014884c-cb7b-7f9e-db43-60d68e3b7245">
      <Execution id="a121648d-f21a-4d50-a9ae-8275e3fac44b" />
      <TestMethod codeBase="C:\Users\naga.kiran\source\SoleraProject\BackendProjectTests\bin\debug\net8.0\BackendProjectTests.dll" adapterTypeName="executor://mstestadapter/v2" className="BackendProjectTests.Service.Implementation.VehicleServiceTests" name="GetByIdAsync_ShouldReturnVehicle_WhenVehicleExists" />
    </UnitTest>
    <UnitTest name="GetById_ShouldReturnOk_WhenFound" storage="c:\users\naga.kiran\source\soleraproject\backendprojecttests\bin\debug\net8.0\backendprojecttests.dll" id="31da5096-1153-8a09-5cb3-d129776621f6">
      <Execution id="daae8bbf-9af2-44b7-9570-56e1f0b56d00" />
      <TestMethod codeBase="C:\Users\naga.kiran\source\SoleraProject\BackendProjectTests\bin\debug\net8.0\BackendProjectTests.dll" adapterTypeName="executor://mstestadapter/v2" className="BackendProject.Controllers.Tests.ParkingLotsControllerTests" name="GetById_ShouldReturnOk_WhenFound" />
    </UnitTest>
    <UnitTest name="GetAllAsync_ShouldReturnUsers_WhenUsersExistTrue" storage="c:\users\naga.kiran\source\soleraproject\backendprojecttests\bin\debug\net8.0\backendprojecttests.dll" id="7e9fee74-970a-c2d8-5615-5d0b2543ada7">
      <Execution id="a48f5260-0448-4712-bdc3-8aed3f41b77b" />
      <TestMethod codeBase="C:\Users\naga.kiran\source\SoleraProject\BackendProjectTests\bin\debug\net8.0\BackendProjectTests.dll" adapterTypeName="executor://mstestadapter/v2" className="BackendProjectTests.Service.Implementation.UserServiceTests" name="GetAllAsync_ShouldReturnUsers_WhenUsersExistTrue" />
    </UnitTest>
    <UnitTest name="GetByUserId_ReturnsVehicles" storage="c:\users\naga.kiran\source\soleraproject\backendprojecttests\bin\debug\net8.0\backendprojecttests.dll" id="1d421169-d582-d033-d8f4-66d68254d506">
      <Execution id="4ec51543-a975-4c22-b528-e90bc3d4afd8" />
      <TestMethod codeBase="C:\Users\naga.kiran\source\SoleraProject\BackendProjectTests\bin\debug\net8.0\BackendProjectTests.dll" adapterTypeName="executor://mstestadapter/v2" className="BackendProject.Controllers.Tests.VehiclesControllerTests" name="GetByUserId_ReturnsVehicles" />
    </UnitTest>
    <UnitTest name="GetAll_ReturnsOk_WithVehicleList" storage="c:\users\naga.kiran\source\soleraproject\backendprojecttests\bin\debug\net8.0\backendprojecttests.dll" id="e4275c15-7221-7555-2e0e-dc88261c14c8">
      <Execution id="f6419416-e7eb-440b-b784-68de9841a7e4" />
      <TestMethod codeBase="C:\Users\naga.kiran\source\SoleraProject\BackendProjectTests\bin\debug\net8.0\BackendProjectTests.dll" adapterTypeName="executor://mstestadapter/v2" className="BackendProject.Controllers.Tests.VehiclesControllerTests" name="GetAll_ReturnsOk_WithVehicleList" />
    </UnitTest>
    <UnitTest name="GetById_ShouldReturnNotFound_WhenNotFound" storage="c:\users\naga.kiran\source\soleraproject\backendprojecttests\bin\debug\net8.0\backendprojecttests.dll" id="c5f8635f-3f82-bb08-bf64-c0a5cd7e1502">
      <Execution id="cab11c90-9efc-4d5f-be8c-4b52909fb03b" />
      <TestMethod codeBase="C:\Users\naga.kiran\source\SoleraProject\BackendProjectTests\bin\debug\net8.0\BackendProjectTests.dll" adapterTypeName="executor://mstestadapter/v2" className="BackendProject.Controllers.Tests.ParkingAllocationsControllerTests" name="GetById_ShouldReturnNotFound_WhenNotFound" />
    </UnitTest>
    <UnitTest name="UpdateAsync_ShouldReturnUpdatedUserTrue" storage="c:\users\naga.kiran\source\soleraproject\backendprojecttests\bin\debug\net8.0\backendprojecttests.dll" id="a2919b9b-9615-7cb0-5cc2-25169af24724">
      <Execution id="eedc8a92-94b8-4304-a149-8995b45aca06" />
      <TestMethod codeBase="C:\Users\naga.kiran\source\SoleraProject\BackendProjectTests\bin\debug\net8.0\BackendProjectTests.dll" adapterTypeName="executor://mstestadapter/v2" className="BackendProjectTests.Service.Implementation.UserServiceTests" name="UpdateAsync_ShouldReturnUpdatedUserTrue" />
    </UnitTest>
    <UnitTest name="CreateAsync_ShouldThrowException_WhenRepositoryFails" storage="c:\users\naga.kiran\source\soleraproject\backendprojecttests\bin\debug\net8.0\backendprojecttests.dll" id="79f1df1b-99f8-41bb-14c7-4e6d3cd79359">
      <Execution id="edfc0927-de63-4d7d-b30e-5ce5467f2e5d" />
      <TestMethod codeBase="C:\Users\naga.kiran\source\SoleraProject\BackendProjectTests\bin\debug\net8.0\BackendProjectTests.dll" adapterTypeName="executor://mstestadapter/v2" className="BackendProject.Service.Implementation.Tests.ParkingAllocationServiceTests" name="CreateAsync_ShouldThrowException_WhenRepositoryFails" />
    </UnitTest>
    <UnitTest name="RegisterAsync_ShouldReturnCreatedUserFalse" storage="c:\users\naga.kiran\source\soleraproject\backendprojecttests\bin\debug\net8.0\backendprojecttests.dll" id="9bf74a8d-d87c-c166-c79d-9527e40e5e1c">
      <Execution id="c99b4372-70c9-4f63-9e1c-8d128e0e5ebf" />
      <TestMethod codeBase="C:\Users\naga.kiran\source\SoleraProject\BackendProjectTests\bin\debug\net8.0\BackendProjectTests.dll" adapterTypeName="executor://mstestadapter/v2" className="BackendProjectTests.Service.Implementation.UserServiceTests" name="RegisterAsync_ShouldReturnCreatedUserFalse" />
    </UnitTest>
    <UnitTest name="UpdateAsync_ShouldReturnFalse_WhenEntityDoesNotExist" storage="c:\users\naga.kiran\source\soleraproject\backendprojecttests\bin\debug\net8.0\backendprojecttests.dll" id="6bd6d10a-fd16-00dc-2b8b-068bb459c5ba">
      <Execution id="f1f8228c-7a1e-4be3-bfc8-e83b8e436077" />
      <TestMethod codeBase="C:\Users\naga.kiran\source\SoleraProject\BackendProjectTests\bin\debug\net8.0\BackendProjectTests.dll" adapterTypeName="executor://mstestadapter/v2" className="BackendProject.Service.Implementation.Tests.ParkingAllocationServiceTests" name="UpdateAsync_ShouldReturnFalse_WhenEntityDoesNotExist" />
    </UnitTest>
    <UnitTest name="RegisterAsync_ShouldReturnCreatedUserTrue" storage="c:\users\naga.kiran\source\soleraproject\backendprojecttests\bin\debug\net8.0\backendprojecttests.dll" id="6b635aa3-bec2-5035-fab8-faf002bd3c5b">
      <Execution id="9b4d4b39-42b8-4e06-9ce2-5920895f1750" />
      <TestMethod codeBase="C:\Users\naga.kiran\source\SoleraProject\BackendProjectTests\bin\debug\net8.0\BackendProjectTests.dll" adapterTypeName="executor://mstestadapter/v2" className="BackendProjectTests.Service.Implementation.UserServiceTests" name="RegisterAsync_ShouldReturnCreatedUserTrue" />
    </UnitTest>
    <UnitTest name="GetAll_ShouldReturnOkWithUsersFalse" storage="c:\users\naga.kiran\source\soleraproject\backendprojecttests\bin\debug\net8.0\backendprojecttests.dll" id="dc766bfd-83f6-041b-ed51-e8f2826ec557">
      <Execution id="d87f37a1-867b-4349-b517-672d20bd27e3" />
      <TestMethod codeBase="C:\Users\naga.kiran\source\SoleraProject\BackendProjectTests\bin\debug\net8.0\BackendProjectTests.dll" adapterTypeName="executor://mstestadapter/v2" className="BackendProject.Controllers.Tests.UsersControllerTests" name="GetAll_ShouldReturnOkWithUsersFalse" />
    </UnitTest>
    <UnitTest name="Search_ReturnsMatchingVehicles" storage="c:\users\naga.kiran\source\soleraproject\backendprojecttests\bin\debug\net8.0\backendprojecttests.dll" id="d274b92b-c261-c981-fd9b-7dd043ffe3de">
      <Execution id="a4713f20-ac98-4bb4-ad24-f4072248a262" />
      <TestMethod codeBase="C:\Users\naga.kiran\source\SoleraProject\BackendProjectTests\bin\debug\net8.0\BackendProjectTests.dll" adapterTypeName="executor://mstestadapter/v2" className="BackendProject.Controllers.Tests.VehiclesControllerTests" name="Search_ReturnsMatchingVehicles" />
    </UnitTest>
    <UnitTest name="CreateAsync_ShouldThrowException_WhenUserHasVehicle" storage="c:\users\naga.kiran\source\soleraproject\backendprojecttests\bin\debug\net8.0\backendprojecttests.dll" id="ce0d4c79-d2d4-e568-1744-5c547b467744">
      <Execution id="e5b1ca59-ae34-497e-8e67-f30723fa2896" />
      <TestMethod codeBase="C:\Users\naga.kiran\source\SoleraProject\BackendProjectTests\bin\debug\net8.0\BackendProjectTests.dll" adapterTypeName="executor://mstestadapter/v2" className="BackendProjectTests.Service.Implementation.VehicleServiceTests" name="CreateAsync_ShouldThrowException_WhenUserHasVehicle" />
    </UnitTest>
    <UnitTest name="CreateAsync_ShouldAddAndReturnCreatedDto" storage="c:\users\naga.kiran\source\soleraproject\backendprojecttests\bin\debug\net8.0\backendprojecttests.dll" id="117f34a4-11ac-b1e0-ab4d-607741e8731e">
      <Execution id="e93eede2-226e-4aab-9139-1e518345029e" />
      <TestMethod codeBase="C:\Users\naga.kiran\source\SoleraProject\BackendProjectTests\bin\debug\net8.0\BackendProjectTests.dll" adapterTypeName="executor://mstestadapter/v2" className="BackendProject.Service.Implementation.Tests.ParkingLotServiceTests" name="CreateAsync_ShouldAddAndReturnCreatedDto" />
    </UnitTest>
    <UnitTest name="GetAllAsync_ShouldReturnMappedAllocations" storage="c:\users\naga.kiran\source\soleraproject\backendprojecttests\bin\debug\net8.0\backendprojecttests.dll" id="63c774fd-51b1-09e9-cda7-d1d1fc7d1c8c">
      <Execution id="5b39231f-499c-40b8-9b73-b9fd5065c508" />
      <TestMethod codeBase="C:\Users\naga.kiran\source\SoleraProject\BackendProjectTests\bin\debug\net8.0\BackendProjectTests.dll" adapterTypeName="executor://mstestadapter/v2" className="BackendProject.Service.Implementation.Tests.ParkingAllocationServiceTests" name="GetAllAsync_ShouldReturnMappedAllocations" />
    </UnitTest>
    <UnitTest name="Update_ShouldReturnNotFound_WhenUserDoesNotExist" storage="c:\users\naga.kiran\source\soleraproject\backendprojecttests\bin\debug\net8.0\backendprojecttests.dll" id="d422f7fa-a359-2d23-decf-f62398b71304">
      <Execution id="8f7fc5a2-30a2-4bfa-b8b5-0f00b620fbf3" />
      <TestMethod codeBase="C:\Users\naga.kiran\source\SoleraProject\BackendProjectTests\bin\debug\net8.0\BackendProjectTests.dll" adapterTypeName="executor://mstestadapter/v2" className="BackendProject.Controllers.Tests.UsersControllerTests" name="Update_ShouldReturnNotFound_WhenUserDoesNotExist" />
    </UnitTest>
    <UnitTest name="CreateAsync_ShouldReturnVehicle_WhenValid" storage="c:\users\naga.kiran\source\soleraproject\backendprojecttests\bin\debug\net8.0\backendprojecttests.dll" id="456c9a65-f9f0-cbcf-6516-e95bbf598c0f">
      <Execution id="795b3c21-887f-4259-9fb2-82a3aed21414" />
      <TestMethod codeBase="C:\Users\naga.kiran\source\SoleraProject\BackendProjectTests\bin\debug\net8.0\BackendProjectTests.dll" adapterTypeName="executor://mstestadapter/v2" className="BackendProjectTests.Service.Implementation.VehicleServiceTests" name="CreateAsync_ShouldReturnVehicle_WhenValid" />
    </UnitTest>
    <UnitTest name="GetAllAsync_ShouldReturnUsers_WhenUsersExistFalse" storage="c:\users\naga.kiran\source\soleraproject\backendprojecttests\bin\debug\net8.0\backendprojecttests.dll" id="4dd0c9cd-6285-7618-5898-0aa207652629">
      <Execution id="0defd344-1f92-48d7-9b26-5e91737f91a1" />
      <TestMethod codeBase="C:\Users\naga.kiran\source\SoleraProject\BackendProjectTests\bin\debug\net8.0\BackendProjectTests.dll" adapterTypeName="executor://mstestadapter/v2" className="BackendProjectTests.Service.Implementation.UserServiceTests" name="GetAllAsync_ShouldReturnUsers_WhenUsersExistFalse" />
    </UnitTest>
    <UnitTest name="Delete_ShouldReturnNoContent_WhenSuccessful" storage="c:\users\naga.kiran\source\soleraproject\backendprojecttests\bin\debug\net8.0\backendprojecttests.dll" id="43e8a79f-f744-432b-89e4-f43b68755767">
      <Execution id="e084fc17-f0d9-4027-91b0-501a73d66104" />
      <TestMethod codeBase="C:\Users\naga.kiran\source\SoleraProject\BackendProjectTests\bin\debug\net8.0\BackendProjectTests.dll" adapterTypeName="executor://mstestadapter/v2" className="BackendProject.Controllers.Tests.UsersControllerTests" name="Delete_ShouldReturnNoContent_WhenSuccessful" />
    </UnitTest>
    <UnitTest name="DeleteAsync_ShouldReturnFalse_WhenEntityDoesNotExist" storage="c:\users\naga.kiran\source\soleraproject\backendprojecttests\bin\debug\net8.0\backendprojecttests.dll" id="9a8a651e-ab5b-c4f6-01b0-32269ed030ea">
      <Execution id="f5c654a8-d693-426a-953d-13b95ca8347f" />
      <TestMethod codeBase="C:\Users\naga.kiran\source\SoleraProject\BackendProjectTests\bin\debug\net8.0\BackendProjectTests.dll" adapterTypeName="executor://mstestadapter/v2" className="BackendProject.Service.Implementation.Tests.ParkingAllocationServiceTests" name="DeleteAsync_ShouldReturnFalse_WhenEntityDoesNotExist" />
    </UnitTest>
    <UnitTest name="CreateAsync_ShouldCreateAllocation_WhenValidData" storage="c:\users\naga.kiran\source\soleraproject\backendprojecttests\bin\debug\net8.0\backendprojecttests.dll" id="5bd0d352-4028-db06-b96a-90abde687c77">
      <Execution id="02fb8572-815f-4613-ad36-89fc1dadab87" />
      <TestMethod codeBase="C:\Users\naga.kiran\source\SoleraProject\BackendProjectTests\bin\debug\net8.0\BackendProjectTests.dll" adapterTypeName="executor://mstestadapter/v2" className="BackendProject.Service.Implementation.Tests.ParkingAllocationServiceTests" name="CreateAsync_ShouldCreateAllocation_WhenValidData" />
    </UnitTest>
    <UnitTest name="Create_ShouldReturnCreated_WhenSuccess" storage="c:\users\naga.kiran\source\soleraproject\backendprojecttests\bin\debug\net8.0\backendprojecttests.dll" id="1f3dc559-d888-f056-7513-00084deb3366">
      <Execution id="f8692dc2-5e64-4f6a-88e9-39848bba3251" />
      <TestMethod codeBase="C:\Users\naga.kiran\source\SoleraProject\BackendProjectTests\bin\debug\net8.0\BackendProjectTests.dll" adapterTypeName="executor://mstestadapter/v2" className="BackendProject.Controllers.Tests.ParkingLotsControllerTests" name="Create_ShouldReturnCreated_WhenSuccess" />
    </UnitTest>
    <UnitTest name="UpdateAsync_ShouldReturnUpdatedVehicle_WhenValid" storage="c:\users\naga.kiran\source\soleraproject\backendprojecttests\bin\debug\net8.0\backendprojecttests.dll" id="00537472-3619-116a-3f34-3333ad460a38">
      <Execution id="4c1f8bb1-4603-4fe1-a7f2-2b787afb7663" />
      <TestMethod codeBase="C:\Users\naga.kiran\source\SoleraProject\BackendProjectTests\bin\debug\net8.0\BackendProjectTests.dll" adapterTypeName="executor://mstestadapter/v2" className="BackendProjectTests.Service.Implementation.VehicleServiceTests" name="UpdateAsync_ShouldReturnUpdatedVehicle_WhenValid" />
    </UnitTest>
    <UnitTest name="GetByIdAsync_ShouldReturnNull_WhenNotFound" storage="c:\users\naga.kiran\source\soleraproject\backendprojecttests\bin\debug\net8.0\backendprojecttests.dll" id="27edc73c-31e4-dc58-72ac-c1a58ff6810e">
      <Execution id="b9ef5eb5-381d-4bbe-b202-176154bf1d94" />
      <TestMethod codeBase="C:\Users\naga.kiran\source\SoleraProject\BackendProjectTests\bin\debug\net8.0\BackendProjectTests.dll" adapterTypeName="executor://mstestadapter/v2" className="BackendProject.Service.Implementation.Tests.ParkingAllocationServiceTests" name="GetByIdAsync_ShouldReturnNull_WhenNotFound" />
    </UnitTest>
    <UnitTest name="UpdateAsync_ShouldReturnUpdatedUserFalsee" storage="c:\users\naga.kiran\source\soleraproject\backendprojecttests\bin\debug\net8.0\backendprojecttests.dll" id="bb080c0e-ac9f-0924-9df6-8b2331f8bb5e">
      <Execution id="defd226e-ed8c-46b9-8401-9694b4f575ad" />
      <TestMethod codeBase="C:\Users\naga.kiran\source\SoleraProject\BackendProjectTests\bin\debug\net8.0\BackendProjectTests.dll" adapterTypeName="executor://mstestadapter/v2" className="BackendProjectTests.Service.Implementation.UserServiceTests" name="UpdateAsync_ShouldReturnUpdatedUserFalsee" />
    </UnitTest>
    <UnitTest name="GetById_ReturnsOk_WhenVehicleExists" storage="c:\users\naga.kiran\source\soleraproject\backendprojecttests\bin\debug\net8.0\backendprojecttests.dll" id="aa98d86b-b840-a1e7-2124-dd9ee61f971f">
      <Execution id="b89c7658-a93c-40eb-935c-94d38dcc0fde" />
      <TestMethod codeBase="C:\Users\naga.kiran\source\SoleraProject\BackendProjectTests\bin\debug\net8.0\BackendProjectTests.dll" adapterTypeName="executor://mstestadapter/v2" className="BackendProject.Controllers.Tests.VehiclesControllerTests" name="GetById_ReturnsOk_WhenVehicleExists" />
    </UnitTest>
    <UnitTest name="DeleteAsync_ShouldReturnTrue_WhenUserIsDeletedTrue" storage="c:\users\naga.kiran\source\soleraproject\backendprojecttests\bin\debug\net8.0\backendprojecttests.dll" id="ddeb16d0-a821-1046-3b6e-42a05925eea1">
      <Execution id="36524405-dc33-4160-bf2b-c55999c73bb7" />
      <TestMethod codeBase="C:\Users\naga.kiran\source\SoleraProject\BackendProjectTests\bin\debug\net8.0\BackendProjectTests.dll" adapterTypeName="executor://mstestadapter/v2" className="BackendProjectTests.Service.Implementation.UserServiceTests" name="DeleteAsync_ShouldReturnTrue_WhenUserIsDeletedTrue" />
    </UnitTest>
    <UnitTest name="DeleteAsync_ReturnsFalse_WhenNotFound" storage="c:\users\naga.kiran\source\soleraproject\backendprojecttests\bin\debug\net8.0\backendprojecttests.dll" id="45d38f21-20e6-fa81-7f1c-8e447ff2789b">
      <Execution id="2e3b0caf-b839-4cee-99d5-aa8e2a613a70" />
      <TestMethod codeBase="C:\Users\naga.kiran\source\SoleraProject\BackendProjectTests\bin\debug\net8.0\BackendProjectTests.dll" adapterTypeName="executor://mstestadapter/v2" className="BackendProject.Service.Implementation.Tests.ParkingLotServiceTests" name="DeleteAsync_ReturnsFalse_WhenNotFound" />
    </UnitTest>
    <UnitTest name="Delete_ShouldReturnNotFound_WhenNotFound" storage="c:\users\naga.kiran\source\soleraproject\backendprojecttests\bin\debug\net8.0\backendprojecttests.dll" id="c8f9674e-3b76-5474-da63-288c8c8609ce">
      <Execution id="796d7be7-40f8-47d7-a05c-7c36e3323df8" />
      <TestMethod codeBase="C:\Users\naga.kiran\source\SoleraProject\BackendProjectTests\bin\debug\net8.0\BackendProjectTests.dll" adapterTypeName="executor://mstestadapter/v2" className="BackendProject.Controllers.Tests.ParkingAllocationsControllerTests" name="Delete_ShouldReturnNotFound_WhenNotFound" />
    </UnitTest>
    <UnitTest name="LoginAsync_ShouldReturnUser_WhenValidCredentialsFalse" storage="c:\users\naga.kiran\source\soleraproject\backendprojecttests\bin\debug\net8.0\backendprojecttests.dll" id="7774c4e5-537c-ff8d-9d56-8a5d3e627df5">
      <Execution id="61627436-9d63-455b-96ef-b8e077876cb6" />
      <TestMethod codeBase="C:\Users\naga.kiran\source\SoleraProject\BackendProjectTests\bin\debug\net8.0\BackendProjectTests.dll" adapterTypeName="executor://mstestadapter/v2" className="BackendProjectTests.Service.Implementation.UserServiceTests" name="LoginAsync_ShouldReturnUser_WhenValidCredentialsFalse" />
    </UnitTest>
    <UnitTest name="GetByIdAsync_ShouldReturnMappedDto_WhenLotExists" storage="c:\users\naga.kiran\source\soleraproject\backendprojecttests\bin\debug\net8.0\backendprojecttests.dll" id="73eb45f5-f88a-3bad-82bc-2e8e7aee5924">
      <Execution id="147b7848-e1b4-4a20-8539-12c6627e84cf" />
      <TestMethod codeBase="C:\Users\naga.kiran\source\SoleraProject\BackendProjectTests\bin\debug\net8.0\BackendProjectTests.dll" adapterTypeName="executor://mstestadapter/v2" className="BackendProject.Service.Implementation.Tests.ParkingLotServiceTests" name="GetByIdAsync_ShouldReturnMappedDto_WhenLotExists" />
    </UnitTest>
    <UnitTest name="UpdateAsync_ReturnsNull_WhenNotFound" storage="c:\users\naga.kiran\source\soleraproject\backendprojecttests\bin\debug\net8.0\backendprojecttests.dll" id="3928d88e-0f0e-0b2d-cd78-756310749bb4">
      <Execution id="05c81fcc-ac95-4f92-832f-cb193ce2ae7b" />
      <TestMethod codeBase="C:\Users\naga.kiran\source\SoleraProject\BackendProjectTests\bin\debug\net8.0\BackendProjectTests.dll" adapterTypeName="executor://mstestadapter/v2" className="BackendProject.Service.Implementation.Tests.ParkingLotServiceTests" name="UpdateAsync_ReturnsNull_WhenNotFound" />
    </UnitTest>
    <UnitTest name="LoginAsync_ShouldReturnUser_WhenValidCredentialsTrue" storage="c:\users\naga.kiran\source\soleraproject\backendprojecttests\bin\debug\net8.0\backendprojecttests.dll" id="a13cb9fb-2890-c4cf-3793-b9d80bdb7b95">
      <Execution id="ed0ef472-9721-4fc6-a69b-08eaf9bf7f97" />
      <TestMethod codeBase="C:\Users\naga.kiran\source\SoleraProject\BackendProjectTests\bin\debug\net8.0\BackendProjectTests.dll" adapterTypeName="executor://mstestadapter/v2" className="BackendProjectTests.Service.Implementation.UserServiceTests" name="LoginAsync_ShouldReturnUser_WhenValidCredentialsTrue" />
    </UnitTest>
    <UnitTest name="Login_ShouldReturnUnauthorized_WhenInvalid" storage="c:\users\naga.kiran\source\soleraproject\backendprojecttests\bin\debug\net8.0\backendprojecttests.dll" id="343f5695-023c-9961-af4f-e1f4153e9db1">
      <Execution id="bd6e8c6e-4f1d-4ef6-a19b-a97ef59decc1" />
      <TestMethod codeBase="C:\Users\naga.kiran\source\SoleraProject\BackendProjectTests\bin\debug\net8.0\BackendProjectTests.dll" adapterTypeName="executor://mstestadapter/v2" className="BackendProject.Controllers.Tests.UsersControllerTests" name="Login_ShouldReturnUnauthorized_WhenInvalid" />
    </UnitTest>
    <UnitTest name="DeleteAsync_ShouldReturnTrue_WhenSuccessful" storage="c:\users\naga.kiran\source\soleraproject\backendprojecttests\bin\debug\net8.0\backendprojecttests.dll" id="c0009152-5d85-b475-a959-c4980d501eb8">
      <Execution id="9eeeb152-7547-49f4-89d5-ff7082b83a70" />
      <TestMethod codeBase="C:\Users\naga.kiran\source\SoleraProject\BackendProjectTests\bin\debug\net8.0\BackendProjectTests.dll" adapterTypeName="executor://mstestadapter/v2" className="BackendProject.Service.Implementation.Tests.ParkingLotServiceTests" name="DeleteAsync_ShouldReturnTrue_WhenSuccessful" />
    </UnitTest>
    <UnitTest name="Create_ShouldReturn500_OnException" storage="c:\users\naga.kiran\source\soleraproject\backendprojecttests\bin\debug\net8.0\backendprojecttests.dll" id="fe8c0d46-29ab-2ce6-1539-9971916e004d">
      <Execution id="ab4fec37-3b61-414a-8a5a-28ad14d3318d" />
      <TestMethod codeBase="C:\Users\naga.kiran\source\SoleraProject\BackendProjectTests\bin\debug\net8.0\BackendProjectTests.dll" adapterTypeName="executor://mstestadapter/v2" className="BackendProject.Controllers.Tests.ParkingLotsControllerTests" name="Create_ShouldReturn500_OnException" />
    </UnitTest>
    <UnitTest name="DeleteAsync_ShouldReturnTrue_WhenVehicleExists" storage="c:\users\naga.kiran\source\soleraproject\backendprojecttests\bin\debug\net8.0\backendprojecttests.dll" id="fe358b15-b7cc-2a44-b534-19a574d2a2f4">
      <Execution id="67e37581-1944-48a8-8581-56403289d844" />
      <TestMethod codeBase="C:\Users\naga.kiran\source\SoleraProject\BackendProjectTests\bin\debug\net8.0\BackendProjectTests.dll" adapterTypeName="executor://mstestadapter/v2" className="BackendProjectTests.Service.Implementation.VehicleServiceTests" name="DeleteAsync_ShouldReturnTrue_WhenVehicleExists" />
    </UnitTest>
    <UnitTest name="Delete_ShouldReturnNoContent_WhenSuccessful" storage="c:\users\naga.kiran\source\soleraproject\backendprojecttests\bin\debug\net8.0\backendprojecttests.dll" id="7bdbc46c-04fd-1dd1-e11e-17429e52cb37">
      <Execution id="1a8b24ee-36f4-4858-8c7b-40b138e1ef77" />
      <TestMethod codeBase="C:\Users\naga.kiran\source\SoleraProject\BackendProjectTests\bin\debug\net8.0\BackendProjectTests.dll" adapterTypeName="executor://mstestadapter/v2" className="BackendProject.Controllers.Tests.ParkingAllocationsControllerTests" name="Delete_ShouldReturnNoContent_WhenSuccessful" />
    </UnitTest>
    <UnitTest name="Delete_ShouldReturnNotFound_WhenUserNotExist" storage="c:\users\naga.kiran\source\soleraproject\backendprojecttests\bin\debug\net8.0\backendprojecttests.dll" id="5d079f40-9a03-cd42-4326-1c1dbc7cddca">
      <Execution id="79cc982f-955e-431d-bc38-1fa7f94a686c" />
      <TestMethod codeBase="C:\Users\naga.kiran\source\SoleraProject\BackendProjectTests\bin\debug\net8.0\BackendProjectTests.dll" adapterTypeName="executor://mstestadapter/v2" className="BackendProject.Controllers.Tests.UsersControllerTests" name="Delete_ShouldReturnNotFound_WhenUserNotExist" />
    </UnitTest>
    <UnitTest name="Create_ShouldReturnConflict_WhenNullReturned" storage="c:\users\naga.kiran\source\soleraproject\backendprojecttests\bin\debug\net8.0\backendprojecttests.dll" id="bb5187bd-6a21-48cf-667f-b92685075182">
      <Execution id="a78dfa06-9f06-4ff6-b6b9-209bd90b8d7a" />
      <TestMethod codeBase="C:\Users\naga.kiran\source\SoleraProject\BackendProjectTests\bin\debug\net8.0\BackendProjectTests.dll" adapterTypeName="executor://mstestadapter/v2" className="BackendProject.Controllers.Tests.ParkingAllocationsControllerTests" name="Create_ShouldReturnConflict_WhenNullReturned" />
    </UnitTest>
    <UnitTest name="GetAll_ShouldReturnOkWithData" storage="c:\users\naga.kiran\source\soleraproject\backendprojecttests\bin\debug\net8.0\backendprojecttests.dll" id="2ffc4119-2491-37b0-45ee-aa576d53095e">
      <Execution id="da278c10-9e0d-41db-80e7-a555a1046293" />
      <TestMethod codeBase="C:\Users\naga.kiran\source\SoleraProject\BackendProjectTests\bin\debug\net8.0\BackendProjectTests.dll" adapterTypeName="executor://mstestadapter/v2" className="BackendProject.Controllers.Tests.ParkingAllocationsControllerTests" name="GetAll_ShouldReturnOkWithData" />
    </UnitTest>
    <UnitTest name="GetByIdAsync_ShouldReturnUser_WhenUserExistsFalse" storage="c:\users\naga.kiran\source\soleraproject\backendprojecttests\bin\debug\net8.0\backendprojecttests.dll" id="258d1529-a56c-338b-5610-ab15bb9ffdfd">
      <Execution id="3b2ba865-8716-495c-b635-2a9a5460d073" />
      <TestMethod codeBase="C:\Users\naga.kiran\source\SoleraProject\BackendProjectTests\bin\debug\net8.0\BackendProjectTests.dll" adapterTypeName="executor://mstestadapter/v2" className="BackendProjectTests.Service.Implementation.UserServiceTests" name="GetByIdAsync_ShouldReturnUser_WhenUserExistsFalse" />
    </UnitTest>
    <UnitTest name="Login_ShouldReturnToken_WhenValidCredentials" storage="c:\users\naga.kiran\source\soleraproject\backendprojecttests\bin\debug\net8.0\backendprojecttests.dll" id="1d8b2e12-83f8-a6d8-f5b3-f1ffd899e534">
      <Execution id="bb284df6-67ac-4157-8404-afa767b8d7d7" />
      <TestMethod codeBase="C:\Users\naga.kiran\source\SoleraProject\BackendProjectTests\bin\debug\net8.0\BackendProjectTests.dll" adapterTypeName="executor://mstestadapter/v2" className="BackendProject.Controllers.Tests.UsersControllerTests" name="Login_ShouldReturnToken_WhenValidCredentials" />
    </UnitTest>
    <UnitTest name="GetAll_ShouldReturn500_OnException" storage="c:\users\naga.kiran\source\soleraproject\backendprojecttests\bin\debug\net8.0\backendprojecttests.dll" id="2aee4878-5c77-3c47-7469-839f2c1db038">
      <Execution id="66409d2a-b088-40ad-8294-484f511ba12d" />
      <TestMethod codeBase="C:\Users\naga.kiran\source\SoleraProject\BackendProjectTests\bin\debug\net8.0\BackendProjectTests.dll" adapterTypeName="executor://mstestadapter/v2" className="BackendProject.Controllers.Tests.ParkingLotsControllerTests" name="GetAll_ShouldReturn500_OnException" />
    </UnitTest>
    <UnitTest name="Update_ReturnsOk_WhenSuccessful" storage="c:\users\naga.kiran\source\soleraproject\backendprojecttests\bin\debug\net8.0\backendprojecttests.dll" id="c1da4256-33e0-e70f-62c9-09605a6579d7">
      <Execution id="d686c87c-e6d9-4d9d-bfd1-047a3db30566" />
      <TestMethod codeBase="C:\Users\naga.kiran\source\SoleraProject\BackendProjectTests\bin\debug\net8.0\BackendProjectTests.dll" adapterTypeName="executor://mstestadapter/v2" className="BackendProject.Controllers.Tests.VehiclesControllerTests" name="Update_ReturnsOk_WhenSuccessful" />
    </UnitTest>
    <UnitTest name="GetByIdAsync_ShouldReturnNull_WhenVehicleDoesNotExist" storage="c:\users\naga.kiran\source\soleraproject\backendprojecttests\bin\debug\net8.0\backendprojecttests.dll" id="248a2433-3324-b841-92a5-d295227c7165">
      <Execution id="7d2f505d-955d-4fe2-a241-a64e8776c5f8" />
      <TestMethod codeBase="C:\Users\naga.kiran\source\SoleraProject\BackendProjectTests\bin\debug\net8.0\BackendProjectTests.dll" adapterTypeName="executor://mstestadapter/v2" className="BackendProjectTests.Service.Implementation.VehicleServiceTests" name="GetByIdAsync_ShouldReturnNull_WhenVehicleDoesNotExist" />
    </UnitTest>
    <UnitTest name="Create_ShouldReturnCreated_WhenSuccessful" storage="c:\users\naga.kiran\source\soleraproject\backendprojecttests\bin\debug\net8.0\backendprojecttests.dll" id="d1e154b9-9f9d-7751-9023-e5767229013a">
      <Execution id="96ab52aa-593b-4ca9-bece-94ea559604e4" />
      <TestMethod codeBase="C:\Users\naga.kiran\source\SoleraProject\BackendProjectTests\bin\debug\net8.0\BackendProjectTests.dll" adapterTypeName="executor://mstestadapter/v2" className="BackendProject.Controllers.Tests.ParkingAllocationsControllerTests" name="Create_ShouldReturnCreated_WhenSuccessful" />
    </UnitTest>
    <UnitTest name="Update_ReturnsNotFound_WhenVehicleMissing" storage="c:\users\naga.kiran\source\soleraproject\backendprojecttests\bin\debug\net8.0\backendprojecttests.dll" id="0b9443cd-95f4-6e2f-1b30-b3f63191f802">
      <Execution id="7052fb6a-da1c-4115-96ef-b0acabf076b5" />
      <TestMethod codeBase="C:\Users\naga.kiran\source\SoleraProject\BackendProjectTests\bin\debug\net8.0\BackendProjectTests.dll" adapterTypeName="executor://mstestadapter/v2" className="BackendProject.Controllers.Tests.VehiclesControllerTests" name="Update_ReturnsNotFound_WhenVehicleMissing" />
    </UnitTest>
    <UnitTest name="Register_ShouldReturnBadRequest_WhenEmailExists" storage="c:\users\naga.kiran\source\soleraproject\backendprojecttests\bin\debug\net8.0\backendprojecttests.dll" id="7294b325-eb4d-77de-ece2-ca032192cf9c">
      <Execution id="4ce51e08-0896-4f60-afb2-4bf9c1668944" />
[...]
      <Execution id="e5db7181-874a-4831-820b-13154eb534f0" />
      <TestMethod codeBase="C:\Users\naga.kiran\source\SoleraProject\BackendProjectTests\bin\debug\net8.0\BackendProjectTests.dll" adapterTypeName="executor://mstestadapter/v2" className="BackendProject.Controllers.Tests.ParkingLotsControllerTests" name="Delete_ShouldReturnNoContent_WhenDeleted" />
    </UnitTest>
    <UnitTest name="DeleteAsync_ShouldReturnTrue_WhenUserIsDeletedFalse" storage="c:\users\naga.kiran\source\soleraproject\backendprojecttests\bin\debug\net8.0\backendprojecttests.dll" id="1761e82a-6c5c-f18a-db28-cf2b6ec869e7">
      <Execution id="0e124aa8-79a5-4689-a311-e98b986fcd9d" />
      <TestMethod codeBase="C:\Users\naga.kiran\source\SoleraProject\BackendProjectTests\bin\debug\net8.0\BackendProjectTests.dll" adapterTypeName="executor://mstestadapter/v2" className="BackendProjectTests.Service.Implementation.UserServiceTests" name="DeleteAsync_ShouldReturnTrue_WhenUserIsDeletedFalse" />
    </UnitTest>
    <UnitTest name="GetById_ShouldReturnOk_WhenFound" storage="c:\users\naga.kiran\source\soleraproject\backendprojecttests\bin\debug\net8.0\backendprojecttests.dll" id="a3ec6e65-e399-e464-74f5-ba11f372873d">
      <Execution id="7dac8216-c748-48b9-81e8-5570c185826d" />
      <TestMethod codeBase="C:\Users\naga.kiran\source\SoleraProject\BackendProjectTests\bin\debug\net8.0\BackendProjectTests.dll" adapterTypeName="executor://mstestadapter/v2" className="BackendProject.Controllers.Tests.ParkingAllocationsControllerTests" name="GetById_ShouldReturnOk_WhenFound" />
    </UnitTest>
    <UnitTest name="GetAll_ShouldReturnOk_WithParkingLots" storage="c:\users\naga.kiran\source\soleraproject\backendprojecttests\bin\debug\net8.0\backendprojecttests.dll" id="dcad01f7-2ff1-46be-5014-80da8c37fab5">
      <Execution id="fc657979-e8d1-432c-9029-d38481e264d8" />
      <TestMethod codeBase="C:\Users\naga.kiran\source\SoleraProject\BackendProjectTests\bin\debug\net8.0\BackendProjectTests.dll" adapterTypeName="executor://mstestadapter/v2" className="BackendProject.Controllers.Tests.ParkingLotsControllerTests" name="GetAll_ShouldReturnOk_WithParkingLots" />
    </UnitTest>
    <UnitTest name="DeleteAsync_ShouldReturnTrue_WhenEntityExists" storage="c:\users\naga.kiran\source\soleraproject\backendprojecttests\bin\debug\net8.0\backendprojecttests.dll" id="6f9c1c44-45e2-6c18-76f6-77d349e2bcb0">
      <Execution id="51209709-07f1-4573-8984-ed3580011431" />
      <TestMethod codeBase="C:\Users\naga.kiran\source\SoleraProject\BackendProjectTests\bin\debug\net8.0\BackendProjectTests.dll" adapterTypeName="executor://mstestadapter/v2" className="BackendProject.Service.Implementation.Tests.ParkingAllocationServiceTests" name="DeleteAsync_ShouldReturnTrue_WhenEntityExists" />
    </UnitTest>
    <UnitTest name="DeleteAsync_ShouldReturnFalse_WhenVehicleNotFound" storage="c:\users\naga.kiran\source\soleraproject\backendprojecttests\bin\debug\net8.0\backendprojecttests.dll" id="af62867a-a9d0-90ee-9a01-bb57c2748870">
      <Execution id="2b506215-db81-4a9b-8a16-0aef7c5218fb" />
      <TestMethod codeBase="C:\Users\naga.kiran\source\SoleraProject\BackendProjectTests\bin\debug\net8.0\BackendProjectTests.dll" adapterTypeName="executor://mstestadapter/v2" className="BackendProjectTests.Service.Implementation.VehicleServiceTests" name="DeleteAsync_ShouldReturnFalse_WhenVehicleNotFound" />
    </UnitTest>
    <UnitTest name="Delete_ShouldReturnNotFound_WhenMissing" storage="c:\users\naga.kiran\source\soleraproject\backendprojecttests\bin\debug\net8.0\backendprojecttests.dll" id="4f048e89-0159-1930-f93a-7c6c7b6cf428">
      <Execution id="38ab0335-59e1-46ce-be62-3bf7f216e8a4" />
      <TestMethod codeBase="C:\Users\naga.kiran\source\SoleraProject\BackendProjectTests\bin\debug\net8.0\BackendProjectTests.dll" adapterTypeName="executor://mstestadapter/v2" className="BackendProject.Controllers.Tests.ParkingLotsControllerTests" name="Delete_ShouldReturnNotFound_WhenMissing" />
    </UnitTest>
    <UnitTest name="GetByUserIdAsync_ShouldReturnEmpty_WhenUserHasNoVehicles" storage="c:\users\naga.kiran\source\soleraproject\backendprojecttests\bin\debug\net8.0\backendprojecttests.dll" id="e799c0c7-3aef-cde6-8bb8-e23656100378">
      <Execution id="4072e007-74a3-4b3b-a06e-33d979c56f8b" />
      <TestMethod codeBase="C:\Users\naga.kiran\source\SoleraProject\BackendProjectTests\bin\debug\net8.0\BackendProjectTests.dll" adapterTypeName="executor://mstestadapter/v2" className="BackendProjectTests.Service.Implementation.VehicleServiceTests" name="GetByUserIdAsync_ShouldReturnEmpty_WhenUserHasNoVehicles" />
    </UnitTest>
    <UnitTest name="Create_ReturnsCreatedAtAction" storage="c:\users\naga.kiran\source\soleraproject\backendprojecttests\bin\debug\net8.0\backendprojecttests.dll" id="04296688-23c3-7b47-bb14-5d1470d62fa2">
      <Execution id="64154ac3-ba65-4809-9f88-99cdc5f21ba1" />
      <TestMethod codeBase="C:\Users\naga.kiran\source\SoleraProject\BackendProjectTests\bin\debug\net8.0\BackendProjectTests.dll" adapterTypeName="executor://mstestadapter/v2" className="BackendProject.Controllers.Tests.VehiclesControllerTests" name="Create_ReturnsCreatedAtAction" />
    </UnitTest>
    <UnitTest name="Register_ShouldReturnOk_WhenUserIsCreated" storage="c:\users\naga.kiran\source\soleraproject\backendprojecttests\bin\debug\net8.0\backendprojecttests.dll" id="abf3ca11-8a70-2db8-e643-ff136054ebcb">
      <Execution id="434fd59a-77ea-4226-9247-6fb5186761d2" />
      <TestMethod codeBase="C:\Users\naga.kiran\source\SoleraProject\BackendProjectTests\bin\debug\net8.0\BackendProjectTests.dll" adapterTypeName="executor://mstestadapter/v2" className="BackendProject.Controllers.Tests.UsersControllerTests" name="Register_ShouldReturnOk_WhenUserIsCreated" />
    </UnitTest>
  </TestDefinitions>
  <TestEntries>
    <TestEntry testId="ce0d4c79-d2d4-e568-1744-5c547b467744" executionId="e5b1ca59-ae34-497e-8e67-f30723fa2896" testListId="8c84fa94-04c1-424b-9868-57a2d4851a1d" />
    <TestEntry testId="2aee4878-5c77-3c47-7469-839f2c1db038" executionId="66409d2a-b088-40ad-8294-484f511ba12d" testListId="8c84fa94-04c1-424b-9868-57a2d4851a1d" />
    <TestEntry testId="7e9fee74-970a-c2d8-5615-5d0b2543ada7" executionId="a48f5260-0448-4712-bdc3-8aed3f41b77b" testListId="8c84fa94-04c1-424b-9868-57a2d4851a1d" />
    <TestEntry testId="3928d88e-0f0e-0b2d-cd78-756310749bb4" executionId="05c81fcc-ac95-4f92-832f-cb193ce2ae7b" testListId="8c84fa94-04c1-424b-9868-57a2d4851a1d" />
    <TestEntry testId="21c64dd5-30d4-136b-e765-dea9edc49094" executionId="2f12be05-8622-48dd-aab5-921971f645db" testListId="8c84fa94-04c1-424b-9868-57a2d4851a1d" />
    <TestEntry testId="aa456fea-ede5-baef-c0fd-346de2041f2d" executionId="064ea6b9-1d23-47c0-b4ce-eeed229b9280" testListId="8c84fa94-04c1-424b-9868-57a2d4851a1d" />
    <TestEntry testId="27edc73c-31e4-dc58-72ac-c1a58ff6810e" executionId="b9ef5eb5-381d-4bbe-b202-176154bf1d94" testListId="8c84fa94-04c1-424b-9868-57a2d4851a1d" />
    <TestEntry testId="5bd0d352-4028-db06-b96a-90abde687c77" executionId="02fb8572-815f-4613-ad36-89fc1dadab87" testListId="8c84fa94-04c1-424b-9868-57a2d4851a1d" />
    <TestEntry testId="c1da4256-33e0-e70f-62c9-09605a6579d7" executionId="d686c87c-e6d9-4d9d-bfd1-047a3db30566" testListId="8c84fa94-04c1-424b-9868-57a2d4851a1d" />
    <TestEntry testId="1d8b2e12-83f8-a6d8-f5b3-f1ffd899e534" executionId="bb284df6-67ac-4157-8404-afa767b8d7d7" testListId="8c84fa94-04c1-424b-9868-57a2d4851a1d" />
    <TestEntry testId="456c9a65-f9f0-cbcf-6516-e95bbf598c0f" executionId="795b3c21-887f-4259-9fb2-82a3aed21414" testListId="8c84fa94-04c1-424b-9868-57a2d4851a1d" />
    <TestEntry testId="de9867d7-66f6-816c-ec3b-88e9be438a7d" executionId="378308e7-f388-40a4-867c-0f9eb29b169c" testListId="8c84fa94-04c1-424b-9868-57a2d4851a1d" />
    <TestEntry testId="bb5187bd-6a21-48cf-667f-b92685075182" executionId="a78dfa06-9f06-4ff6-b6b9-209bd90b8d7a" testListId="8c84fa94-04c1-424b-9868-57a2d4851a1d" />
    <TestEntry testId="c5f8635f-3f82-bb08-bf64-c0a5cd7e1502" executionId="cab11c90-9efc-4d5f-be8c-4b52909fb03b" testListId="8c84fa94-04c1-424b-9868-57a2d4851a1d" />
    <TestEntry testId="248a2433-3324-b841-92a5-d295227c7165" executionId="7d2f505d-955d-4fe2-a241-a64e8776c5f8" testListId="8c84fa94-04c1-424b-9868-57a2d4851a1d" />
    <TestEntry testId="258d1529-a56c-338b-5610-ab15bb9ffdfd" executionId="3b2ba865-8716-495c-b635-2a9a5460d073" testListId="8c84fa94-04c1-424b-9868-57a2d4851a1d" />
    <TestEntry testId="7294b325-eb4d-77de-ece2-ca032192cf9c" executionId="4ce51e08-0896-4f60-afb2-4bf9c1668944" testListId="8c84fa94-04c1-424b-9868-57a2d4851a1d" />
    <TestEntry testId="22ca1c0d-0ffe-9889-1ce2-50f61ae3c9b0" executionId="3186bb53-2f9f-4849-85c3-97b48d0f05be" testListId="8c84fa94-04c1-424b-9868-57a2d4851a1d" />
    <TestEntry testId="4dd0c9cd-6285-7618-5898-0aa207652629" executionId="0defd344-1f92-48d7-9b26-5e91737f91a1" testListId="8c84fa94-04c1-424b-9868-57a2d4851a1d" />
    <TestEntry testId="4f048e89-0159-1930-f93a-7c6c7b6cf428" executionId="38ab0335-59e1-46ce-be62-3bf7f216e8a4" testListId="8c84fa94-04c1-424b-9868-57a2d4851a1d" />
    <TestEntry testId="5d079f40-9a03-cd42-4326-1c1dbc7cddca" executionId="79cc982f-955e-431d-bc38-1fa7f94a686c" testListId="8c84fa94-04c1-424b-9868-57a2d4851a1d" />
    <TestEntry testId="2ffc4119-2491-37b0-45ee-aa576d53095e" executionId="da278c10-9e0d-41db-80e7-a555a1046293" testListId="8c84fa94-04c1-424b-9868-57a2d4851a1d" />
    <TestEntry testId="31da5096-1153-8a09-5cb3-d129776621f6" executionId="daae8bbf-9af2-44b7-9570-56e1f0b56d00" testListId="8c84fa94-04c1-424b-9868-57a2d4851a1d" />
    <TestEntry testId="a2919b9b-9615-7cb0-5cc2-25169af24724" executionId="eedc8a92-94b8-4304-a149-8995b45aca06" testListId="8c84fa94-04c1-424b-9868-57a2d4851a1d" />
    <TestEntry testId="74fd81f8-c8a6-968e-9561-8ba77deb9b76" executionId="914b5945-8c5c-49b1-becd-8deb320895e8" testListId="8c84fa94-04c1-424b-9868-57a2d4851a1d" />
    <TestEntry testId="7774c4e5-537c-ff8d-9d56-8a5d3e627df5" executionId="61627436-9d63-455b-96ef-b8e077876cb6" testListId="8c84fa94-04c1-424b-9868-57a2d4851a1d" />
    <TestEntry testId="ddeb16d0-a821-1046-3b6e-42a05925eea1" executionId="36524405-dc33-4160-bf2b-c55999c73bb7" testListId="8c84fa94-04c1-424b-9868-57a2d4851a1d" />
    <TestEntry testId="43774e13-61b2-7dd9-cdb4-f09dd1d991be" executionId="7ed4bd40-e5ae-4918-8903-8753ccd8be55" testListId="8c84fa94-04c1-424b-9868-57a2d4851a1d" />
    <TestEntry testId="9bf74a8d-d87c-c166-c79d-9527e40e5e1c" executionId="c99b4372-70c9-4f63-9e1c-8d128e0e5ebf" testListId="8c84fa94-04c1-424b-9868-57a2d4851a1d" />
    <TestEntry testId="d422f7fa-a359-2d23-decf-f62398b71304" executionId="8f7fc5a2-30a2-4bfa-b8b5-0f00b620fbf3" testListId="8c84fa94-04c1-424b-9868-57a2d4851a1d" />
    <TestEntry testId="0b9443cd-95f4-6e2f-1b30-b3f63191f802" executionId="7052fb6a-da1c-4115-96ef-b0acabf076b5" testListId="8c84fa94-04c1-424b-9868-57a2d4851a1d" />
    <TestEntry testId="3014884c-cb7b-7f9e-db43-60d68e3b7245" executionId="a121648d-f21a-4d50-a9ae-8275e3fac44b" testListId="8c84fa94-04c1-424b-9868-57a2d4851a1d" />
    <TestEntry testId="fe8c0d46-29ab-2ce6-1539-9971916e004d" executionId="ab4fec37-3b61-414a-8a5a-28ad14d3318d" testListId="8c84fa94-04c1-424b-9868-57a2d4851a1d" />
    <TestEntry testId="9e3db448-0162-4616-558b-43031bd5c23e" executionId="cb9e5a06-fe65-4f47-8e7a-edc8ce420949" testListId="8c84fa94-04c1-424b-9868-57a2d4851a1d" />
    <TestEntry testId="e0aede23-3949-7013-599b-9cc9564cf804" executionId="895f9433-f54c-4356-a9cf-8bf8ce3d0e02" testListId="8c84fa94-04c1-424b-9868-57a2d4851a1d" />
    <TestEntry testId="e263794e-79bf-60ce-7ee9-23cc78ebf5bc" executionId="af4582a6-c9a9-4c8e-86ce-d9da11b0ccb7" testListId="8c84fa94-04c1-424b-9868-57a2d4851a1d" />
    <TestEntry testId="af62867a-a9d0-90ee-9a01-bb57c2748870" executionId="2b506215-db81-4a9b-8a16-0aef7c5218fb" testListId="8c84fa94-04c1-424b-9868-57a2d4851a1d" />
    <TestEntry testId="1d421169-d582-d033-d8f4-66d68254d506" executionId="4ec51543-a975-4c22-b528-e90bc3d4afd8" testListId="8c84fa94-04c1-424b-9868-57a2d4851a1d" />
    <TestEntry testId="dc766bfd-83f6-041b-ed51-e8f2826ec557" executionId="d87f37a1-867b-4349-b517-672d20bd27e3" testListId="8c84fa94-04c1-424b-9868-57a2d4851a1d" />
    <TestEntry testId="1761e82a-6c5c-f18a-db28-cf2b6ec869e7" executionId="0e124aa8-79a5-4689-a311-e98b986fcd9d" testListId="8c84fa94-04c1-424b-9868-57a2d4851a1d" />
    <TestEntry testId="196c20b7-56f4-b772-b822-aae7ce399488" executionId="ca05f675-d41a-4d0d-b2a4-7c7a5331bfae" testListId="8c84fa94-04c1-424b-9868-57a2d4851a1d" />
    <TestEntry testId="73eb45f5-f88a-3bad-82bc-2e8e7aee5924" executionId="147b7848-e1b4-4a20-8539-12c6627e84cf" testListId="8c84fa94-04c1-424b-9868-57a2d4851a1d" />
    <TestEntry testId="9a875d61-da3d-d643-b275-40ed1759ad08" executionId="40a0125c-590f-496c-adb7-786da7dca481" testListId="8c84fa94-04c1-424b-9868-57a2d4851a1d" />
    <TestEntry testId="3e45a5c8-7e10-fc13-be20-aa11ae138f44" executionId="3126949a-b5f8-45f1-a456-e47efacf4f26" testListId="8c84fa94-04c1-424b-9868-57a2d4851a1d" />
    <TestEntry testId="abf3ca11-8a70-2db8-e643-ff136054ebcb" executionId="434fd59a-77ea-4226-9247-6fb5186761d2" testListId="8c84fa94-04c1-424b-9868-57a2d4851a1d" />
    <TestEntry testId="4d7d8266-59c1-d2c3-ae66-ad8c4104f569" executionId="e5db7181-874a-4831-820b-13154eb534f0" testListId="8c84fa94-04c1-424b-9868-57a2d4851a1d" />
    <TestEntry testId="6f9c1c44-45e2-6c18-76f6-77d349e2bcb0" executionId="51209709-07f1-4573-8984-ed3580011431" testListId="8c84fa94-04c1-424b-9868-57a2d4851a1d" />
    <TestEntry testId="e799c0c7-3aef-cde6-8bb8-e23656100378" executionId="4072e007-74a3-4b3b-a06e-33d979c56f8b" testListId="8c84fa94-04c1-424b-9868-57a2d4851a1d" />
    <TestEntry testId="fe358b15-b7cc-2a44-b534-19a574d2a2f4" executionId="67e37581-1944-48a8-8581-56403289d844" testListId="8c84fa94-04c1-424b-9868-57a2d4851a1d" />
    <TestEntry testId="5448e05d-c875-bf44-114a-fd9619369e1d" executionId="e6fda722-b7a1-49b3-8180-f8b0511306d4" testListId="8c84fa94-04c1-424b-9868-57a2d4851a1d" />
    <TestEntry testId="e71e6cc3-eb72-a390-e058-a9dce30b9d62" executionId="2ee70397-9302-4ee4-b144-8ece0fab9277" testListId="8c84fa94-04c1-424b-9868-57a2d4851a1d" />
    <TestEntry testId="6b635aa3-bec2-5035-fab8-faf002bd3c5b" executionId="9b4d4b39-42b8-4e06-9ce2-5920895f1750" testListId="8c84fa94-04c1-424b-9868-57a2d4851a1d" />
    <TestEntry testId="63c774fd-51b1-09e9-cda7-d1d1fc7d1c8c" executionId="5b39231f-499c-40b8-9b73-b9fd5065c508" testListId="8c84fa94-04c1-424b-9868-57a2d4851a1d" />
    <TestEntry testId="79f1df1b-99f8-41bb-14c7-4e6d3cd79359" executionId="edfc0927-de63-4d7d-b30e-5ce5467f2e5d" testListId="8c84fa94-04c1-424b-9868-57a2d4851a1d" />
    <TestEntry testId="6bd6d10a-fd16-00dc-2b8b-068bb459c5ba" executionId="f1f8228c-7a1e-4be3-bfc8-e83b8e436077" testListId="8c84fa94-04c1-424b-9868-57a2d4851a1d" />
    <TestEntry testId="d9f31a27-989c-3017-9467-feec03588e0e" executionId="836fffea-ff74-45ae-b79c-0496c2cdd9b9" testListId="8c84fa94-04c1-424b-9868-57a2d4851a1d" />
    <TestEntry testId="04296688-23c3-7b47-bb14-5d1470d62fa2" executionId="64154ac3-ba65-4809-9f88-99cdc5f21ba1" testListId="8c84fa94-04c1-424b-9868-57a2d4851a1d" />
    <TestEntry testId="43e8a79f-f744-432b-89e4-f43b68755767" executionId="e084fc17-f0d9-4027-91b0-501a73d66104" testListId="8c84fa94-04c1-424b-9868-57a2d4851a1d" />
    <TestEntry testId="d14355f8-f074-a30e-854f-16f5aa3d3252" executionId="e9c7c16b-eea5-4635-8acb-f19b95bd0869" testListId="8c84fa94-04c1-424b-9868-57a2d4851a1d" />
    <TestEntry testId="e4275c15-7221-7555-2e0e-dc88261c14c8" executionId="f6419416-e7eb-440b-b784-68de9841a7e4" testListId="8c84fa94-04c1-424b-9868-57a2d4851a1d" />
    <TestEntry testId="ddfa01f6-eca9-9657-1039-d9a40e70ca15" executionId="17db3629-f94b-498d-b775-0e9c07407f59" testListId="8c84fa94-04c1-424b-9868-57a2d4851a1d" />
    <TestEntry testId="227eda6d-825e-d38a-7263-44dad81e6b1b" executionId="1c0b762f-2939-4a76-8620-7cd6edffb894" testListId="8c84fa94-04c1-424b-9868-57a2d4851a1d" />
    <TestEntry testId="c0009152-5d85-b475-a959-c4980d501eb8" executionId="9eeeb152-7547-49f4-89d5-ff7082b83a70" testListId="8c84fa94-04c1-424b-9868-57a2d4851a1d" />
    <TestEntry testId="45d38f21-20e6-fa81-7f1c-8e447ff2789b" executionId="2e3b0caf-b839-4cee-99d5-aa8e2a613a70" testListId="8c84fa94-04c1-424b-9868-57a2d4851a1d" />
    <TestEntry testId="a13cb9fb-2890-c4cf-3793-b9d80bdb7b95" executionId="ed0ef472-9721-4fc6-a69b-08eaf9bf7f97" testListId="8c84fa94-04c1-424b-9868-57a2d4851a1d" />
    <TestEntry testId="02e81839-7c12-edfb-4c02-0ab0c912d49e" executionId="25c9f4f7-dc69-4102-9a35-b8f8a4f357f6" testListId="8c84fa94-04c1-424b-9868-57a2d4851a1d" />
    <TestEntry testId="9a8a651e-ab5b-c4f6-01b0-32269ed030ea" executionId="f5c654a8-d693-426a-953d-13b95ca8347f" testListId="8c84fa94-04c1-424b-9868-57a2d4851a1d" />
    <TestEntry testId="343f5695-023c-9961-af4f-e1f4153e9db1" executionId="bd6e8c6e-4f1d-4ef6-a19b-a97ef59decc1" testListId="8c84fa94-04c1-424b-9868-57a2d4851a1d" />
    <TestEntry testId="d1e154b9-9f9d-7751-9023-e5767229013a" executionId="96ab52aa-593b-4ca9-bece-94ea559604e4" testListId="8c84fa94-04c1-424b-9868-57a2d4851a1d" />
    <TestEntry testId="531c724b-f4fe-c4ff-bd15-04e1b9c3dae3" executionId="0499a452-eac6-422d-bb88-5cf99b3dba7c" testListId="8c84fa94-04c1-424b-9868-57a2d4851a1d" />
    <TestEntry testId="a3ec6e65-e399-e464-74f5-ba11f372873d" executionId="7dac8216-c748-48b9-81e8-5570c185826d" testListId="8c84fa94-04c1-424b-9868-57a2d4851a1d" />
    <TestEntry testId="1f3dc559-d888-f056-7513-00084deb3366" executionId="f8692dc2-5e64-4f6a-88e9-39848bba3251" testListId="8c84fa94-04c1-424b-9868-57a2d4851a1d" />
    <TestEntry testId="7bdbc46c-04fd-1dd1-e11e-17429e52cb37" executionId="1a8b24ee-36f4-4858-8c7b-40b138e1ef77" testListId="8c84fa94-04c1-424b-9868-57a2d4851a1d" />
    <TestEntry testId="aa98d86b-b840-a1e7-2124-dd9ee61f971f" executionId="b89c7658-a93c-40eb-935c-94d38dcc0fde" testListId="8c84fa94-04c1-424b-9868-57a2d4851a1d" />
    <TestEntry testId="00537472-3619-116a-3f34-3333ad460a38" executionId="4c1f8bb1-4603-4fe1-a7f2-2b787afb7663" testListId="8c84fa94-04c1-424b-9868-57a2d4851a1d" />
    <TestEntry testId="117f34a4-11ac-b1e0-ab4d-607741e8731e" executionId="e93eede2-226e-4aab-9139-1e518345029e" testListId="8c84fa94-04c1-424b-9868-57a2d4851a1d" />
    <TestEntry testId="ccab388f-826e-ed05-54fd-db2dda24a00e" executionId="e02d646a-bcaf-47f1-b017-00a60f1bee1e" testListId="8c84fa94-04c1-424b-9868-57a2d4851a1d" />
    <TestEntry testId="bb080c0e-ac9f-0924-9df6-8b2331f8bb5e" executionId="defd226e-ed8c-46b9-8401-9694b4f575ad" testListId="8c84fa94-04c1-424b-9868-57a2d4851a1d" />
    <TestEntry testId="c8f9674e-3b76-5474-da63-288c8c8609ce" executionId="796d7be7-40f8-47d7-a05c-7c36e3323df8" testListId="8c84fa94-04c1-424b-9868-57a2d4851a1d" />
    <TestEntry testId="60ab43f4-d1d6-ef63-6b0a-a5e9a4ecfb47" executionId="d09784f8-68ca-4044-8dc8-bd1cc5a45194" testListId="8c84fa94-04c1-424b-9868-57a2d4851a1d" />
    <TestEntry testId="dcad01f7-2ff1-46be-5014-80da8c37fab5" executionId="fc657979-e8d1-432c-9029-d38481e264d8" testListId="8c84fa94-04c1-424b-9868-57a2d4851a1d" />
    <TestEntry testId="d274b92b-c261-c981-fd9b-7dd043ffe3de" executionId="a4713f20-ac98-4bb4-ad24-f4072248a262" testListId="8c84fa94-04c1-424b-9868-57a2d4851a1d" />
  </TestEntries>
  <TestLists>
    <TestList name="Results Not in a List" id="8c84fa94-04c1-424b-9868-57a2d4851a1d" />
    <TestList name="All Loaded Results" id="19431567-8539-422a-85d7-44ee4e166bda" />
  </TestLists>
  <ResultSummary outcome="Completed">
    <Counters total="82" executed="82" passed="82" failed="0" error="0" timeout="0" aborted="0" inconclusive="0" passedButRunAborted="0" notRunnable="0" notExecuted="0" disconnected="0" warning="0" completed="0" inProgress="0" pending="0" />
  </ResultSummary>
</TestRun>